[2017-04-04 16:23:28,992][6][INFO ][WR.WCF.Site.sysService:WR.Utils.LoggerEx.Info(C:\yang.luo\others\SMEE\WFRC_Src\WR.Utils\LogSevrice.cs:95)] - MethodName:Login start at 16:23:28
[2017-04-04 16:23:37,872][6][INFO ][WR.WCF.Site.sysService:WR.Utils.LoggerEx.Info(C:\yang.luo\others\SMEE\WFRC_Src\WR.Utils\LogSevrice.cs:95)] - MethodName:Login1 start at 16:23:37
[2017-04-04 16:23:39,868][6][INFO ][WR.WCF.Site.sysService:WR.Utils.LoggerEx.Info(C:\yang.luo\others\SMEE\WFRC_Src\WR.Utils\LogSevrice.cs:95)] - MethodName:Login stop at 16:23:39
[2017-04-04 16:23:40,006][12][INFO ][WR.WCF.Site.sysService:WR.Utils.LoggerEx.Info(C:\yang.luo\others\SMEE\WFRC_Src\WR.Utils\LogSevrice.cs:95)] - MethodName:GetCmn start at 16:23:40
[2017-04-04 16:23:44,038][12][INFO ][WR.WCF.Site.sysService:WR.Utils.LoggerEx.Info(C:\yang.luo\others\SMEE\WFRC_Src\WR.Utils\LogSevrice.cs:95)] - MethodName:GetCmn stop at 16:23:44
[2017-04-04 16:23:46,100][12][INFO ][WR.WCF.Site.sysService:WR.Utils.LoggerEx.Info(C:\yang.luo\others\SMEE\WFRC_Src\WR.Utils\LogSevrice.cs:95)] - MethodName:GetMenuByUserId start at 16:23:46
[2017-04-04 16:23:46,369][12][INFO ][WR.WCF.Site.sysService:WR.Utils.LoggerEx.Info(C:\yang.luo\others\SMEE\WFRC_Src\WR.Utils\LogSevrice.cs:95)] - MethodName:GetMenuByUserId stop at 16:23:46
[2017-04-04 16:24:28,607][7][INFO ][WR.WCF.Site.sysService:WR.Utils.LoggerEx.Info(C:\yang.luo\others\SMEE\WFRC_Src\WR.Utils\LogSevrice.cs:95)] - MethodName:Login start at 16:24:28
[2017-04-04 16:24:42,816][7][INFO ][WR.WCF.Site.sysService:WR.Utils.LoggerEx.Info(C:\yang.luo\others\SMEE\WFRC_Src\WR.Utils\LogSevrice.cs:95)] - MethodName:Login1 start at 16:24:42
[2017-04-04 16:24:45,642][7][INFO ][WR.WCF.Site.sysService:WR.Utils.LoggerEx.Info(C:\yang.luo\others\SMEE\WFRC_Src\WR.Utils\LogSevrice.cs:95)] - MethodName:Login stop at 16:24:45
[2017-04-04 16:24:45,774][5][INFO ][WR.WCF.Site.sysService:WR.Utils.LoggerEx.Info(C:\yang.luo\others\SMEE\WFRC_Src\WR.Utils\LogSevrice.cs:95)] - MethodName:GetCmn start at 16:24:45
[2017-04-04 16:24:48,633][5][INFO ][WR.WCF.Site.sysService:WR.Utils.LoggerEx.Info(C:\yang.luo\others\SMEE\WFRC_Src\WR.Utils\LogSevrice.cs:95)] - MethodName:GetCmn stop at 16:24:48
[2017-04-04 16:24:50,086][6][INFO ][WR.WCF.Site.sysService:WR.Utils.LoggerEx.Info(C:\yang.luo\others\SMEE\WFRC_Src\WR.Utils\LogSevrice.cs:95)] - MethodName:GetMenuByUserId start at 16:24:50
[2017-04-04 16:24:50,319][6][INFO ][WR.WCF.Site.sysService:WR.Utils.LoggerEx.Info(C:\yang.luo\others\SMEE\WFRC_Src\WR.Utils\LogSevrice.cs:95)] - MethodName:GetMenuByUserId stop at 16:24:50
[2017-04-04 16:25:22,943][4][INFO ][WR.WCF.Site.sysService:WR.Utils.LoggerEx.Info(C:\yang.luo\others\SMEE\WFRC_Src\WR.Utils\LogSevrice.cs:95)] - MethodName:Login start at 16:25:22
[2017-04-04 16:25:40,179][4][INFO ][WR.WCF.Site.sysService:WR.Utils.LoggerEx.Info(C:\yang.luo\others\SMEE\WFRC_Src\WR.Utils\LogSevrice.cs:95)] - MethodName:Login1 start at 16:25:40
[2017-04-04 16:25:44,608][4][INFO ][WR.WCF.Site.sysService:WR.Utils.LoggerEx.Info(C:\yang.luo\others\SMEE\WFRC_Src\WR.Utils\LogSevrice.cs:95)] - MethodName:Login stop at 16:25:44
[2017-04-04 16:25:45,003][4][INFO ][WR.WCF.Site.sysService:WR.Utils.LoggerEx.Info(C:\yang.luo\others\SMEE\WFRC_Src\WR.Utils\LogSevrice.cs:95)] - MethodName:GetCmn start at 16:25:45
[2017-04-04 16:25:47,682][4][INFO ][WR.WCF.Site.sysService:WR.Utils.LoggerEx.Info(C:\yang.luo\others\SMEE\WFRC_Src\WR.Utils\LogSevrice.cs:95)] - MethodName:GetCmn stop at 16:25:47
[2017-04-04 16:25:49,636][4][INFO ][WR.WCF.Site.sysService:WR.Utils.LoggerEx.Info(C:\yang.luo\others\SMEE\WFRC_Src\WR.Utils\LogSevrice.cs:95)] - MethodName:GetMenuByUserId start at 16:25:49
[2017-04-04 16:25:49,946][4][INFO ][WR.WCF.Site.sysService:WR.Utils.LoggerEx.Info(C:\yang.luo\others\SMEE\WFRC_Src\WR.Utils\LogSevrice.cs:95)] - MethodName:GetMenuByUserId stop at 16:25:49
[2017-04-04 16:26:15,405][4][INFO ][WR.WCF.Site.sysService:WR.Utils.LoggerEx.Info(C:\yang.luo\others\SMEE\WFRC_Src\WR.Utils\LogSevrice.cs:95)] - MethodName:Login start at 16:26:15
[2017-04-04 16:26:18,875][4][INFO ][WR.WCF.Site.sysService:WR.Utils.LoggerEx.Info(C:\yang.luo\others\SMEE\WFRC_Src\WR.Utils\LogSevrice.cs:95)] - MethodName:Login1 start at 16:26:18
[2017-04-04 16:26:18,888][4][INFO ][WR.WCF.Site.sysService:WR.Utils.LoggerEx.Info(C:\yang.luo\others\SMEE\WFRC_Src\WR.Utils\LogSevrice.cs:95)] - MethodName:Login stop at 16:26:18
[2017-04-04 16:26:19,090][4][INFO ][WR.WCF.Site.sysService:WR.Utils.LoggerEx.Info(C:\yang.luo\others\SMEE\WFRC_Src\WR.Utils\LogSevrice.cs:95)] - MethodName:GetCmn start at 16:26:19
[2017-04-04 16:26:21,013][4][INFO ][WR.WCF.Site.sysService:WR.Utils.LoggerEx.Info(C:\yang.luo\others\SMEE\WFRC_Src\WR.Utils\LogSevrice.cs:95)] - MethodName:GetCmn stop at 16:26:21
[2017-04-04 16:26:22,865][14][INFO ][WR.WCF.Site.sysService:WR.Utils.LoggerEx.Info(C:\yang.luo\others\SMEE\WFRC_Src\WR.Utils\LogSevrice.cs:95)] - MethodName:GetMenuByUserId start at 16:26:22
[2017-04-04 16:26:23,036][14][INFO ][WR.WCF.Site.sysService:WR.Utils.LoggerEx.Info(C:\yang.luo\others\SMEE\WFRC_Src\WR.Utils\LogSevrice.cs:95)] - MethodName:GetMenuByUserId stop at 16:26:23
[2017-04-04 16:27:45,213][6][INFO ][WR.WCF.Site.sysService:WR.Utils.LoggerEx.Info(C:\yang.luo\others\SMEE\WFRC_Src\WR.Utils\LogSevrice.cs:95)] - MethodName:Login start at 16:27:45
[2017-04-04 16:27:48,975][6][INFO ][WR.WCF.Site.sysService:WR.Utils.LoggerEx.Info(C:\yang.luo\others\SMEE\WFRC_Src\WR.Utils\LogSevrice.cs:95)] - MethodName:Login1 start at 16:27:48
[2017-04-04 16:27:50,334][6][INFO ][WR.WCF.Site.sysService:WR.Utils.LoggerEx.Info(C:\yang.luo\others\SMEE\WFRC_Src\WR.Utils\LogSevrice.cs:95)] - MethodName:Login stop at 16:27:50
[2017-04-04 16:27:50,419][6][INFO ][WR.WCF.Site.sysService:WR.Utils.LoggerEx.Info(C:\yang.luo\others\SMEE\WFRC_Src\WR.Utils\LogSevrice.cs:95)] - MethodName:GetCmn start at 16:27:50
[2017-04-04 16:27:53,768][6][INFO ][WR.WCF.Site.sysService:WR.Utils.LoggerEx.Info(C:\yang.luo\others\SMEE\WFRC_Src\WR.Utils\LogSevrice.cs:95)] - MethodName:GetCmn stop at 16:27:53
[2017-04-04 16:27:55,706][6][INFO ][WR.WCF.Site.sysService:WR.Utils.LoggerEx.Info(C:\yang.luo\others\SMEE\WFRC_Src\WR.Utils\LogSevrice.cs:95)] - MethodName:GetMenuByUserId start at 16:27:55
[2017-04-04 16:27:55,930][6][INFO ][WR.WCF.Site.sysService:WR.Utils.LoggerEx.Info(C:\yang.luo\others\SMEE\WFRC_Src\WR.Utils\LogSevrice.cs:95)] - MethodName:GetMenuByUserId stop at 16:27:55
[2017-04-04 16:28:17,647][3][INFO ][WR.WCF.Site.sysService:WR.Utils.LoggerEx.Info(C:\yang.luo\others\SMEE\WFRC_Src\WR.Utils\LogSevrice.cs:95)] - MethodName:Login start at 16:28:17
[2017-04-04 16:28:20,069][3][INFO ][WR.WCF.Site.sysService:WR.Utils.LoggerEx.Info(C:\yang.luo\others\SMEE\WFRC_Src\WR.Utils\LogSevrice.cs:95)] - MethodName:Login1 start at 16:28:20
[2017-04-04 16:28:20,081][3][INFO ][WR.WCF.Site.sysService:WR.Utils.LoggerEx.Info(C:\yang.luo\others\SMEE\WFRC_Src\WR.Utils\LogSevrice.cs:95)] - MethodName:Login stop at 16:28:20
[2017-04-04 16:28:20,164][6][INFO ][WR.WCF.Site.sysService:WR.Utils.LoggerEx.Info(C:\yang.luo\others\SMEE\WFRC_Src\WR.Utils\LogSevrice.cs:95)] - MethodName:GetCmn start at 16:28:20
[2017-04-04 16:28:21,713][6][INFO ][WR.WCF.Site.sysService:WR.Utils.LoggerEx.Info(C:\yang.luo\others\SMEE\WFRC_Src\WR.Utils\LogSevrice.cs:95)] - MethodName:GetCmn stop at 16:28:21
[2017-04-04 16:28:26,001][17][INFO ][WR.WCF.Site.sysService:WR.Utils.LoggerEx.Info(C:\yang.luo\others\SMEE\WFRC_Src\WR.Utils\LogSevrice.cs:95)] - MethodName:GetMenuByUserId start at 16:28:26
[2017-04-04 16:28:26,171][17][INFO ][WR.WCF.Site.sysService:WR.Utils.LoggerEx.Info(C:\yang.luo\others\SMEE\WFRC_Src\WR.Utils\LogSevrice.cs:95)] - MethodName:GetMenuByUserId stop at 16:28:26
[2017-04-04 16:32:30,641][14][INFO ][WR.WCF.Site.sysService:WR.Utils.LoggerEx.Info(C:\yang.luo\others\SMEE\WFRC_Src\WR.Utils\LogSevrice.cs:95)] - MethodName:Login start at 16:32:30
[2017-04-04 16:32:35,019][14][INFO ][WR.WCF.Site.sysService:WR.Utils.LoggerEx.Info(C:\yang.luo\others\SMEE\WFRC_Src\WR.Utils\LogSevrice.cs:95)] - MethodName:Login1 start at 16:32:35
[2017-04-04 16:32:38,389][14][INFO ][WR.WCF.Site.sysService:WR.Utils.LoggerEx.Info(C:\yang.luo\others\SMEE\WFRC_Src\WR.Utils\LogSevrice.cs:95)] - MethodName:Login stop at 16:32:38
[2017-04-04 16:32:38,544][14][INFO ][WR.WCF.Site.sysService:WR.Utils.LoggerEx.Info(C:\yang.luo\others\SMEE\WFRC_Src\WR.Utils\LogSevrice.cs:95)] - MethodName:GetCmn start at 16:32:38
[2017-04-04 16:32:40,485][14][INFO ][WR.WCF.Site.sysService:WR.Utils.LoggerEx.Info(C:\yang.luo\others\SMEE\WFRC_Src\WR.Utils\LogSevrice.cs:95)] - MethodName:GetCmn stop at 16:32:40
[2017-04-04 16:32:41,228][16][INFO ][WR.WCF.Site.sysService:WR.Utils.LoggerEx.Info(C:\yang.luo\others\SMEE\WFRC_Src\WR.Utils\LogSevrice.cs:95)] - MethodName:GetMenuByUserId start at 16:32:41
[2017-04-04 16:32:41,506][16][INFO ][WR.WCF.Site.sysService:WR.Utils.LoggerEx.Info(C:\yang.luo\others\SMEE\WFRC_Src\WR.Utils\LogSevrice.cs:95)] - MethodName:GetMenuByUserId stop at 16:32:41
[2017-04-04 16:33:17,165][5][INFO ][WR.WCF.Site.sysService:WR.Utils.LoggerEx.Info(C:\yang.luo\others\SMEE\WFRC_Src\WR.Utils\LogSevrice.cs:95)] - MethodName:Login start at 16:33:17
[2017-04-04 16:33:20,248][5][INFO ][WR.WCF.Site.sysService:WR.Utils.LoggerEx.Info(C:\yang.luo\others\SMEE\WFRC_Src\WR.Utils\LogSevrice.cs:95)] - MethodName:Login1 start at 16:33:20
[2017-04-04 16:33:21,824][5][INFO ][WR.WCF.Site.sysService:WR.Utils.LoggerEx.Info(C:\yang.luo\others\SMEE\WFRC_Src\WR.Utils\LogSevrice.cs:95)] - MethodName:Login stop at 16:33:21
[2017-04-04 16:33:21,930][5][INFO ][WR.WCF.Site.sysService:WR.Utils.LoggerEx.Info(C:\yang.luo\others\SMEE\WFRC_Src\WR.Utils\LogSevrice.cs:95)] - MethodName:GetCmn start at 16:33:21
[2017-04-04 16:33:24,141][5][INFO ][WR.WCF.Site.sysService:WR.Utils.LoggerEx.Info(C:\yang.luo\others\SMEE\WFRC_Src\WR.Utils\LogSevrice.cs:95)] - MethodName:GetCmn stop at 16:33:24
[2017-04-04 16:33:25,593][15][INFO ][WR.WCF.Site.sysService:WR.Utils.LoggerEx.Info(C:\yang.luo\others\SMEE\WFRC_Src\WR.Utils\LogSevrice.cs:95)] - MethodName:GetMenuByUserId start at 16:33:25
[2017-04-04 16:33:25,818][15][INFO ][WR.WCF.Site.sysService:WR.Utils.LoggerEx.Info(C:\yang.luo\others\SMEE\WFRC_Src\WR.Utils\LogSevrice.cs:95)] - MethodName:GetMenuByUserId stop at 16:33:25
[2017-04-04 16:34:11,676][7][INFO ][WR.WCF.Site.sysService:WR.Utils.LoggerEx.Info(C:\yang.luo\others\SMEE\WFRC_Src\WR.Utils\LogSevrice.cs:95)] - MethodName:Login start at 16:34:11
[2017-04-04 16:34:17,513][7][INFO ][WR.WCF.Site.sysService:WR.Utils.LoggerEx.Info(C:\yang.luo\others\SMEE\WFRC_Src\WR.Utils\LogSevrice.cs:95)] - MethodName:Login1 start at 16:34:17
[2017-04-04 16:34:19,776][7][INFO ][WR.WCF.Site.sysService:WR.Utils.LoggerEx.Info(C:\yang.luo\others\SMEE\WFRC_Src\WR.Utils\LogSevrice.cs:95)] - MethodName:Login stop at 16:34:19
[2017-04-04 16:34:19,917][5][INFO ][WR.WCF.Site.sysService:WR.Utils.LoggerEx.Info(C:\yang.luo\others\SMEE\WFRC_Src\WR.Utils\LogSevrice.cs:95)] - MethodName:GetCmn start at 16:34:19
[2017-04-04 16:34:21,386][5][INFO ][WR.WCF.Site.sysService:WR.Utils.LoggerEx.Info(C:\yang.luo\others\SMEE\WFRC_Src\WR.Utils\LogSevrice.cs:95)] - MethodName:GetCmn stop at 16:34:21
[2017-04-04 16:34:22,181][5][INFO ][WR.WCF.Site.sysService:WR.Utils.LoggerEx.Info(C:\yang.luo\others\SMEE\WFRC_Src\WR.Utils\LogSevrice.cs:95)] - MethodName:GetMenuByUserId start at 16:34:22
[2017-04-04 16:34:22,517][5][INFO ][WR.WCF.Site.sysService:WR.Utils.LoggerEx.Info(C:\yang.luo\others\SMEE\WFRC_Src\WR.Utils\LogSevrice.cs:95)] - MethodName:GetMenuByUserId stop at 16:34:22
[2017-04-04 16:59:54,092][6][INFO ][WR.WCF.Site.sysService:WR.Utils.LoggerEx.Info(C:\yang.luo\others\SMEE\WFRC_Src\WR.Utils\LogSevrice.cs:95)] - MethodName:Login start at 16:59:54
[2017-04-04 16:59:56,689][6][INFO ][WR.WCF.Site.sysService:WR.Utils.LoggerEx.Info(C:\yang.luo\others\SMEE\WFRC_Src\WR.Utils\LogSevrice.cs:95)] - MethodName:Login1 start at 16:59:56
[2017-04-04 16:59:58,436][6][INFO ][WR.WCF.Site.sysService:WR.Utils.LoggerEx.Info(C:\yang.luo\others\SMEE\WFRC_Src\WR.Utils\LogSevrice.cs:95)] - MethodName:Login stop at 16:59:58
[2017-04-04 16:59:58,561][5][INFO ][WR.WCF.Site.sysService:WR.Utils.LoggerEx.Info(C:\yang.luo\others\SMEE\WFRC_Src\WR.Utils\LogSevrice.cs:95)] - MethodName:GetCmn start at 16:59:58
[2017-04-04 16:59:58,603][5][INFO ][WR.WCF.Site.sysService:WR.Utils.LoggerEx.Info(C:\yang.luo\others\SMEE\WFRC_Src\WR.Utils\LogSevrice.cs:95)] - MethodName:GetCmn stop at 16:59:58
[2017-04-04 16:59:58,624][5][INFO ][WR.WCF.Site.sysService:WR.Utils.LoggerEx.Info(C:\yang.luo\others\SMEE\WFRC_Src\WR.Utils\LogSevrice.cs:95)] - MethodName:GetMenuByUserId start at 16:59:58
[2017-04-04 16:59:58,871][5][INFO ][WR.WCF.Site.sysService:WR.Utils.LoggerEx.Info(C:\yang.luo\others\SMEE\WFRC_Src\WR.Utils\LogSevrice.cs:95)] - MethodName:GetMenuByUserId stop at 16:59:58
[2017-04-04 17:00:30,609][5][INFO ][WR.WCF.Site.sysService:WR.Utils.LoggerEx.Info(C:\yang.luo\others\SMEE\WFRC_Src\WR.Utils\LogSevrice.cs:95)] - MethodName:Login start at 17:00:30
[2017-04-04 17:00:32,173][5][INFO ][WR.WCF.Site.sysService:WR.Utils.LoggerEx.Info(C:\yang.luo\others\SMEE\WFRC_Src\WR.Utils\LogSevrice.cs:95)] - MethodName:Login1 start at 17:00:32
[2017-04-04 17:00:41,677][5][INFO ][WR.WCF.Site.sysService:WR.Utils.LoggerEx.Info(C:\yang.luo\others\SMEE\WFRC_Src\WR.Utils\LogSevrice.cs:95)] - MethodName:Login stop at 17:00:41
[2017-04-04 17:00:41,805][5][INFO ][WR.WCF.Site.sysService:WR.Utils.LoggerEx.Info(C:\yang.luo\others\SMEE\WFRC_Src\WR.Utils\LogSevrice.cs:95)] - MethodName:GetCmn start at 17:00:41
[2017-04-04 17:00:41,842][5][INFO ][WR.WCF.Site.sysService:WR.Utils.LoggerEx.Info(C:\yang.luo\others\SMEE\WFRC_Src\WR.Utils\LogSevrice.cs:95)] - MethodName:GetCmn stop at 17:00:41
[2017-04-04 17:00:41,865][5][INFO ][WR.WCF.Site.sysService:WR.Utils.LoggerEx.Info(C:\yang.luo\others\SMEE\WFRC_Src\WR.Utils\LogSevrice.cs:95)] - MethodName:GetMenuByUserId start at 17:00:41
[2017-04-04 17:00:42,125][5][INFO ][WR.WCF.Site.sysService:WR.Utils.LoggerEx.Info(C:\yang.luo\others\SMEE\WFRC_Src\WR.Utils\LogSevrice.cs:95)] - MethodName:GetMenuByUserId stop at 17:00:42
[2017-04-04 17:01:20,736][6][INFO ][WR.WCF.Site.sysService:WR.Utils.LoggerEx.Info(C:\yang.luo\others\SMEE\WFRC_Src\WR.Utils\LogSevrice.cs:95)] - MethodName:Login start at 17:01:20
[2017-04-04 17:01:29,649][6][INFO ][WR.WCF.Site.sysService:WR.Utils.LoggerEx.Info(C:\yang.luo\others\SMEE\WFRC_Src\WR.Utils\LogSevrice.cs:95)] - MethodName:Login1 start at 17:01:29
[2017-04-04 17:01:31,283][6][INFO ][WR.WCF.Site.sysService:WR.Utils.LoggerEx.Info(C:\yang.luo\others\SMEE\WFRC_Src\WR.Utils\LogSevrice.cs:95)] - MethodName:Login stop at 17:01:31
[2017-04-04 17:01:31,394][5][INFO ][WR.WCF.Site.sysService:WR.Utils.LoggerEx.Info(C:\yang.luo\others\SMEE\WFRC_Src\WR.Utils\LogSevrice.cs:95)] - MethodName:GetCmn start at 17:01:31
[2017-04-04 17:01:31,423][5][INFO ][WR.WCF.Site.sysService:WR.Utils.LoggerEx.Info(C:\yang.luo\others\SMEE\WFRC_Src\WR.Utils\LogSevrice.cs:95)] - MethodName:GetCmn stop at 17:01:31
[2017-04-04 17:01:31,435][5][INFO ][WR.WCF.Site.sysService:WR.Utils.LoggerEx.Info(C:\yang.luo\others\SMEE\WFRC_Src\WR.Utils\LogSevrice.cs:95)] - MethodName:GetMenuByUserId start at 17:01:31
[2017-04-04 17:01:31,647][5][INFO ][WR.WCF.Site.sysService:WR.Utils.LoggerEx.Info(C:\yang.luo\others\SMEE\WFRC_Src\WR.Utils\LogSevrice.cs:95)] - MethodName:GetMenuByUserId stop at 17:01:31
[2017-04-04 17:02:42,648][5][INFO ][WR.WCF.Site.sysService:WR.Utils.LoggerEx.Info(C:\yang.luo\others\SMEE\WFRC_Src\WR.Utils\LogSevrice.cs:95)] - MethodName:Login start at 17:02:42
[2017-04-04 17:02:44,953][5][INFO ][WR.WCF.Site.sysService:WR.Utils.LoggerEx.Info(C:\yang.luo\others\SMEE\WFRC_Src\WR.Utils\LogSevrice.cs:95)] - MethodName:Login1 start at 17:02:44
[2017-04-04 17:02:46,425][5][INFO ][WR.WCF.Site.sysService:WR.Utils.LoggerEx.Info(C:\yang.luo\others\SMEE\WFRC_Src\WR.Utils\LogSevrice.cs:95)] - MethodName:Login stop at 17:02:46
[2017-04-04 17:02:46,510][6][INFO ][WR.WCF.Site.sysService:WR.Utils.LoggerEx.Info(C:\yang.luo\others\SMEE\WFRC_Src\WR.Utils\LogSevrice.cs:95)] - MethodName:GetCmn start at 17:02:46
[2017-04-04 17:02:46,542][6][INFO ][WR.WCF.Site.sysService:WR.Utils.LoggerEx.Info(C:\yang.luo\others\SMEE\WFRC_Src\WR.Utils\LogSevrice.cs:95)] - MethodName:GetCmn stop at 17:02:46
[2017-04-04 17:02:46,556][6][INFO ][WR.WCF.Site.sysService:WR.Utils.LoggerEx.Info(C:\yang.luo\others\SMEE\WFRC_Src\WR.Utils\LogSevrice.cs:95)] - MethodName:GetMenuByUserId start at 17:02:46
[2017-04-04 17:02:46,770][6][INFO ][WR.WCF.Site.sysService:WR.Utils.LoggerEx.Info(C:\yang.luo\others\SMEE\WFRC_Src\WR.Utils\LogSevrice.cs:95)] - MethodName:GetMenuByUserId stop at 17:02:46
[2017-04-04 17:08:56,119][6][INFO ][WR.WCF.Site.sysService:WR.Utils.LoggerEx.Info(C:\yang.luo\others\SMEE\WFRC_Src\WR.Utils\LogSevrice.cs:95)] - MethodName:Login start at 17:08:56
[2017-04-04 17:08:57,242][6][INFO ][WR.WCF.Site.sysService:WR.Utils.LoggerEx.Info(C:\yang.luo\others\SMEE\WFRC_Src\WR.Utils\LogSevrice.cs:95)] - MethodName:Login1 start at 17:08:57
[2017-04-04 17:08:59,375][6][INFO ][WR.WCF.Site.sysService:WR.Utils.LoggerEx.Info(C:\yang.luo\others\SMEE\WFRC_Src\WR.Utils\LogSevrice.cs:95)] - MethodName:Login stop at 17:08:59
[2017-04-04 17:08:59,528][6][INFO ][WR.WCF.Site.sysService:WR.Utils.LoggerEx.Info(C:\yang.luo\others\SMEE\WFRC_Src\WR.Utils\LogSevrice.cs:95)] - MethodName:GetCmn start at 17:08:59
[2017-04-04 17:08:59,559][6][INFO ][WR.WCF.Site.sysService:WR.Utils.LoggerEx.Info(C:\yang.luo\others\SMEE\WFRC_Src\WR.Utils\LogSevrice.cs:95)] - MethodName:GetCmn stop at 17:08:59
[2017-04-04 17:08:59,572][15][INFO ][WR.WCF.Site.sysService:WR.Utils.LoggerEx.Info(C:\yang.luo\others\SMEE\WFRC_Src\WR.Utils\LogSevrice.cs:95)] - MethodName:GetMenuByUserId start at 17:08:59
[2017-04-04 17:08:59,820][15][INFO ][WR.WCF.Site.sysService:WR.Utils.LoggerEx.Info(C:\yang.luo\others\SMEE\WFRC_Src\WR.Utils\LogSevrice.cs:95)] - MethodName:GetMenuByUserId stop at 17:08:59
[2017-04-04 17:09:24,647][15][INFO ][WR.WCF.Site.sysService:WR.Utils.LoggerEx.Info(C:\yang.luo\others\SMEE\WFRC_Src\WR.Utils\LogSevrice.cs:95)] - MethodName:Login start at 17:09:24
[2017-04-04 17:09:26,402][15][INFO ][WR.WCF.Site.sysService:WR.Utils.LoggerEx.Info(C:\yang.luo\others\SMEE\WFRC_Src\WR.Utils\LogSevrice.cs:95)] - MethodName:Login1 start at 17:09:26
[2017-04-04 17:09:26,424][15][INFO ][WR.WCF.Site.sysService:WR.Utils.LoggerEx.Info(C:\yang.luo\others\SMEE\WFRC_Src\WR.Utils\LogSevrice.cs:95)] - MethodName:Login stop at 17:09:26
[2017-04-04 17:09:26,569][12][INFO ][WR.WCF.Site.sysService:WR.Utils.LoggerEx.Info(C:\yang.luo\others\SMEE\WFRC_Src\WR.Utils\LogSevrice.cs:95)] - MethodName:GetCmn start at 17:09:26
[2017-04-04 17:09:26,577][12][INFO ][WR.WCF.Site.sysService:WR.Utils.LoggerEx.Info(C:\yang.luo\others\SMEE\WFRC_Src\WR.Utils\LogSevrice.cs:95)] - MethodName:GetCmn stop at 17:09:26
[2017-04-04 17:09:26,590][12][INFO ][WR.WCF.Site.sysService:WR.Utils.LoggerEx.Info(C:\yang.luo\others\SMEE\WFRC_Src\WR.Utils\LogSevrice.cs:95)] - MethodName:GetMenuByUserId start at 17:09:26
[2017-04-04 17:09:26,806][12][INFO ][WR.WCF.Site.sysService:WR.Utils.LoggerEx.Info(C:\yang.luo\others\SMEE\WFRC_Src\WR.Utils\LogSevrice.cs:95)] - MethodName:GetMenuByUserId stop at 17:09:26
[2017-04-04 17:11:54,705][7][INFO ][WR.WCF.Site.sysService:WR.Utils.LoggerEx.Info(C:\yang.luo\others\SMEE\WFRC_Src\WR.Utils\LogSevrice.cs:95)] - MethodName:Login start at 17:11:54
[2017-04-04 17:11:56,174][7][INFO ][WR.WCF.Site.sysService:WR.Utils.LoggerEx.Info(C:\yang.luo\others\SMEE\WFRC_Src\WR.Utils\LogSevrice.cs:95)] - MethodName:Login1 start at 17:11:56
[2017-04-04 17:11:57,585][7][INFO ][WR.WCF.Site.sysService:WR.Utils.LoggerEx.Info(C:\yang.luo\others\SMEE\WFRC_Src\WR.Utils\LogSevrice.cs:95)] - MethodName:Login stop at 17:11:57
[2017-04-04 17:11:57,667][7][INFO ][WR.WCF.Site.sysService:WR.Utils.LoggerEx.Info(C:\yang.luo\others\SMEE\WFRC_Src\WR.Utils\LogSevrice.cs:95)] - MethodName:GetCmn start at 17:11:57
[2017-04-04 17:11:57,694][7][INFO ][WR.WCF.Site.sysService:WR.Utils.LoggerEx.Info(C:\yang.luo\others\SMEE\WFRC_Src\WR.Utils\LogSevrice.cs:95)] - MethodName:GetCmn stop at 17:11:57
[2017-04-04 17:11:57,704][6][INFO ][WR.WCF.Site.sysService:WR.Utils.LoggerEx.Info(C:\yang.luo\others\SMEE\WFRC_Src\WR.Utils\LogSevrice.cs:95)] - MethodName:GetMenuByUserId start at 17:11:57
[2017-04-04 17:11:57,915][6][INFO ][WR.WCF.Site.sysService:WR.Utils.LoggerEx.Info(C:\yang.luo\others\SMEE\WFRC_Src\WR.Utils\LogSevrice.cs:95)] - MethodName:GetMenuByUserId stop at 17:11:57
[2017-04-04 17:12:15,828][6][INFO ][WR.WCF.Site.sysService:WR.Utils.LoggerEx.Info(C:\yang.luo\others\SMEE\WFRC_Src\WR.Utils\LogSevrice.cs:95)] - MethodName:Login start at 17:12:15
[2017-04-04 17:12:16,927][6][INFO ][WR.WCF.Site.sysService:WR.Utils.LoggerEx.Info(C:\yang.luo\others\SMEE\WFRC_Src\WR.Utils\LogSevrice.cs:95)] - MethodName:Login1 start at 17:12:16
[2017-04-04 17:12:16,952][6][INFO ][WR.WCF.Site.sysService:WR.Utils.LoggerEx.Info(C:\yang.luo\others\SMEE\WFRC_Src\WR.Utils\LogSevrice.cs:95)] - MethodName:Login stop at 17:12:16
[2017-04-04 17:12:16,958][6][INFO ][WR.WCF.Site.sysService:WR.Utils.LoggerEx.Info(C:\yang.luo\others\SMEE\WFRC_Src\WR.Utils\LogSevrice.cs:95)] - MethodName:GetCmn start at 17:12:16
[2017-04-04 17:12:16,968][6][INFO ][WR.WCF.Site.sysService:WR.Utils.LoggerEx.Info(C:\yang.luo\others\SMEE\WFRC_Src\WR.Utils\LogSevrice.cs:95)] - MethodName:GetCmn stop at 17:12:16
[2017-04-04 17:12:16,979][7][INFO ][WR.WCF.Site.sysService:WR.Utils.LoggerEx.Info(C:\yang.luo\others\SMEE\WFRC_Src\WR.Utils\LogSevrice.cs:95)] - MethodName:GetMenuByUserId start at 17:12:16
[2017-04-04 17:12:17,130][7][INFO ][WR.WCF.Site.sysService:WR.Utils.LoggerEx.Info(C:\yang.luo\others\SMEE\WFRC_Src\WR.Utils\LogSevrice.cs:95)] - MethodName:GetMenuByUserId stop at 17:12:17
[2017-04-04 17:13:55,961][10][INFO ][WR.WCF.Site.sysService:WR.Utils.LoggerEx.Info(C:\yang.luo\others\SMEE\WFRC_Src\WR.Utils\LogSevrice.cs:95)] - MethodName:Login start at 17:13:55
[2017-04-04 17:13:56,826][10][INFO ][WR.WCF.Site.sysService:WR.Utils.LoggerEx.Info(C:\yang.luo\others\SMEE\WFRC_Src\WR.Utils\LogSevrice.cs:95)] - MethodName:Login1 start at 17:13:56
[2017-04-04 17:13:56,838][10][INFO ][WR.WCF.Site.sysService:WR.Utils.LoggerEx.Info(C:\yang.luo\others\SMEE\WFRC_Src\WR.Utils\LogSevrice.cs:95)] - MethodName:Login stop at 17:13:56
[2017-04-04 17:13:56,985][10][INFO ][WR.WCF.Site.sysService:WR.Utils.LoggerEx.Info(C:\yang.luo\others\SMEE\WFRC_Src\WR.Utils\LogSevrice.cs:95)] - MethodName:GetCmn start at 17:13:56
[2017-04-04 17:13:56,990][10][INFO ][WR.WCF.Site.sysService:WR.Utils.LoggerEx.Info(C:\yang.luo\others\SMEE\WFRC_Src\WR.Utils\LogSevrice.cs:95)] - MethodName:GetCmn stop at 17:13:56
[2017-04-04 17:13:57,004][10][INFO ][WR.WCF.Site.sysService:WR.Utils.LoggerEx.Info(C:\yang.luo\others\SMEE\WFRC_Src\WR.Utils\LogSevrice.cs:95)] - MethodName:GetMenuByUserId start at 17:13:57
[2017-04-04 17:13:57,192][10][INFO ][WR.WCF.Site.sysService:WR.Utils.LoggerEx.Info(C:\yang.luo\others\SMEE\WFRC_Src\WR.Utils\LogSevrice.cs:95)] - MethodName:GetMenuByUserId stop at 17:13:57
[2017-04-04 20:50:55,905][6][INFO ][WR.WCF.Site.sysService:WR.Utils.LoggerEx.Info(C:\yang.luo\others\SMEE\WFRC_Src\WR.Utils\LogSevrice.cs:95)] - MethodName:Login start at 20:50:55
[2017-04-04 20:51:04,319][6][INFO ][WR.WCF.Site.sysService:WR.Utils.LoggerEx.Info(C:\yang.luo\others\SMEE\WFRC_Src\WR.Utils\LogSevrice.cs:95)] - MethodName:Login1 start at 20:51:04
[2017-04-04 20:51:06,765][6][INFO ][WR.WCF.Site.sysService:WR.Utils.LoggerEx.Info(C:\yang.luo\others\SMEE\WFRC_Src\WR.Utils\LogSevrice.cs:95)] - MethodName:Login stop at 20:51:06
[2017-04-04 20:51:06,864][5][INFO ][WR.WCF.Site.sysService:WR.Utils.LoggerEx.Info(C:\yang.luo\others\SMEE\WFRC_Src\WR.Utils\LogSevrice.cs:95)] - MethodName:GetCmn start at 20:51:06
[2017-04-04 20:51:06,898][5][INFO ][WR.WCF.Site.sysService:WR.Utils.LoggerEx.Info(C:\yang.luo\others\SMEE\WFRC_Src\WR.Utils\LogSevrice.cs:95)] - MethodName:GetCmn stop at 20:51:06
[2017-04-04 20:51:06,909][6][INFO ][WR.WCF.Site.sysService:WR.Utils.LoggerEx.Info(C:\yang.luo\others\SMEE\WFRC_Src\WR.Utils\LogSevrice.cs:95)] - MethodName:GetMenuByUserId start at 20:51:06
[2017-04-04 20:51:07,133][6][INFO ][WR.WCF.Site.sysService:WR.Utils.LoggerEx.Info(C:\yang.luo\others\SMEE\WFRC_Src\WR.Utils\LogSevrice.cs:95)] - MethodName:GetMenuByUserId stop at 20:51:07
[2017-04-04 20:51:38,197][4][INFO ][WR.WCF.Site.sysService:WR.Utils.LoggerEx.Info(C:\yang.luo\others\SMEE\WFRC_Src\WR.Utils\LogSevrice.cs:95)] - MethodName:Login start at 20:51:38
[2017-04-04 20:51:38,272][4][INFO ][WR.WCF.Site.sysService:WR.Utils.LoggerEx.Info(C:\yang.luo\others\SMEE\WFRC_Src\WR.Utils\LogSevrice.cs:95)] - MethodName:Login1 start at 20:51:38
[2017-04-04 20:51:40,420][4][INFO ][WR.WCF.Site.sysService:WR.Utils.LoggerEx.Info(C:\yang.luo\others\SMEE\WFRC_Src\WR.Utils\LogSevrice.cs:95)] - MethodName:Login stop at 20:51:40
[2017-04-04 20:51:40,516][6][INFO ][WR.WCF.Site.sysService:WR.Utils.LoggerEx.Info(C:\yang.luo\others\SMEE\WFRC_Src\WR.Utils\LogSevrice.cs:95)] - MethodName:GetCmn start at 20:51:40
[2017-04-04 20:51:40,541][6][INFO ][WR.WCF.Site.sysService:WR.Utils.LoggerEx.Info(C:\yang.luo\others\SMEE\WFRC_Src\WR.Utils\LogSevrice.cs:95)] - MethodName:GetCmn stop at 20:51:40
[2017-04-04 20:51:40,552][4][INFO ][WR.WCF.Site.sysService:WR.Utils.LoggerEx.Info(C:\yang.luo\others\SMEE\WFRC_Src\WR.Utils\LogSevrice.cs:95)] - MethodName:GetMenuByUserId start at 20:51:40
[2017-04-04 20:51:40,897][4][INFO ][WR.WCF.Site.sysService:WR.Utils.LoggerEx.Info(C:\yang.luo\others\SMEE\WFRC_Src\WR.Utils\LogSevrice.cs:95)] - MethodName:GetMenuByUserId stop at 20:51:40
[2017-04-04 20:52:24,418][6][INFO ][WR.WCF.Site.sysService:WR.Utils.LoggerEx.Info(C:\yang.luo\others\SMEE\WFRC_Src\WR.Utils\LogSevrice.cs:95)] - MethodName:Login start at 20:52:24
[2017-04-04 20:52:24,471][6][INFO ][WR.WCF.Site.sysService:WR.Utils.LoggerEx.Info(C:\yang.luo\others\SMEE\WFRC_Src\WR.Utils\LogSevrice.cs:95)] - MethodName:Login1 start at 20:52:24
[2017-04-04 20:52:25,674][6][INFO ][WR.WCF.Site.sysService:WR.Utils.LoggerEx.Info(C:\yang.luo\others\SMEE\WFRC_Src\WR.Utils\LogSevrice.cs:95)] - MethodName:Login stop at 20:52:25
[2017-04-04 20:52:25,786][6][INFO ][WR.WCF.Site.sysService:WR.Utils.LoggerEx.Info(C:\yang.luo\others\SMEE\WFRC_Src\WR.Utils\LogSevrice.cs:95)] - MethodName:GetCmn start at 20:52:25
[2017-04-04 20:52:25,801][6][INFO ][WR.WCF.Site.sysService:WR.Utils.LoggerEx.Info(C:\yang.luo\others\SMEE\WFRC_Src\WR.Utils\LogSevrice.cs:95)] - MethodName:GetCmn stop at 20:52:25
[2017-04-04 20:52:25,814][6][INFO ][WR.WCF.Site.sysService:WR.Utils.LoggerEx.Info(C:\yang.luo\others\SMEE\WFRC_Src\WR.Utils\LogSevrice.cs:95)] - MethodName:GetMenuByUserId start at 20:52:25
[2017-04-04 20:52:26,021][6][INFO ][WR.WCF.Site.sysService:WR.Utils.LoggerEx.Info(C:\yang.luo\others\SMEE\WFRC_Src\WR.Utils\LogSevrice.cs:95)] - MethodName:GetMenuByUserId stop at 20:52:26
[2017-04-04 20:53:24,136][6][INFO ][WR.WCF.Site.sysService:WR.Utils.LoggerEx.Info(C:\yang.luo\others\SMEE\WFRC_Src\WR.Utils\LogSevrice.cs:95)] - MethodName:Login start at 20:53:24
[2017-04-04 20:53:24,261][6][INFO ][WR.WCF.Site.sysService:WR.Utils.LoggerEx.Info(C:\yang.luo\others\SMEE\WFRC_Src\WR.Utils\LogSevrice.cs:95)] - MethodName:Login1 start at 20:53:24
[2017-04-04 20:53:26,178][6][INFO ][WR.WCF.Site.sysService:WR.Utils.LoggerEx.Info(C:\yang.luo\others\SMEE\WFRC_Src\WR.Utils\LogSevrice.cs:95)] - MethodName:Login stop at 20:53:26
[2017-04-04 20:53:26,351][6][INFO ][WR.WCF.Site.sysService:WR.Utils.LoggerEx.Info(C:\yang.luo\others\SMEE\WFRC_Src\WR.Utils\LogSevrice.cs:95)] - MethodName:GetCmn start at 20:53:26
[2017-04-04 20:53:26,379][6][INFO ][WR.WCF.Site.sysService:WR.Utils.LoggerEx.Info(C:\yang.luo\others\SMEE\WFRC_Src\WR.Utils\LogSevrice.cs:95)] - MethodName:GetCmn stop at 20:53:26
[2017-04-04 20:53:26,401][6][INFO ][WR.WCF.Site.sysService:WR.Utils.LoggerEx.Info(C:\yang.luo\others\SMEE\WFRC_Src\WR.Utils\LogSevrice.cs:95)] - MethodName:GetMenuByUserId start at 20:53:26
[2017-04-04 20:53:26,753][6][INFO ][WR.WCF.Site.sysService:WR.Utils.LoggerEx.Info(C:\yang.luo\others\SMEE\WFRC_Src\WR.Utils\LogSevrice.cs:95)] - MethodName:GetMenuByUserId stop at 20:53:26
[2017-04-04 20:53:32,424][5][INFO ][WR.WCF.Site.sysService:WR.Utils.LoggerEx.Info(C:\yang.luo\others\SMEE\WFRC_Src\WR.Utils\LogSevrice.cs:95)] - MethodName:Login start at 20:53:32
[2017-04-04 20:53:32,426][5][INFO ][WR.WCF.Site.sysService:WR.Utils.LoggerEx.Info(C:\yang.luo\others\SMEE\WFRC_Src\WR.Utils\LogSevrice.cs:95)] - MethodName:Login1 start at 20:53:32
[2017-04-04 20:53:32,440][5][INFO ][WR.WCF.Site.sysService:WR.Utils.LoggerEx.Info(C:\yang.luo\others\SMEE\WFRC_Src\WR.Utils\LogSevrice.cs:95)] - MethodName:Login stop at 20:53:32
[2017-04-04 20:53:32,451][6][INFO ][WR.WCF.Site.sysService:WR.Utils.LoggerEx.Info(C:\yang.luo\others\SMEE\WFRC_Src\WR.Utils\LogSevrice.cs:95)] - MethodName:GetCmn start at 20:53:32
[2017-04-04 20:53:32,461][6][INFO ][WR.WCF.Site.sysService:WR.Utils.LoggerEx.Info(C:\yang.luo\others\SMEE\WFRC_Src\WR.Utils\LogSevrice.cs:95)] - MethodName:GetCmn stop at 20:53:32
[2017-04-04 20:53:32,476][6][INFO ][WR.WCF.Site.sysService:WR.Utils.LoggerEx.Info(C:\yang.luo\others\SMEE\WFRC_Src\WR.Utils\LogSevrice.cs:95)] - MethodName:GetMenuByUserId start at 20:53:32
[2017-04-04 20:53:32,922][6][INFO ][WR.WCF.Site.sysService:WR.Utils.LoggerEx.Info(C:\yang.luo\others\SMEE\WFRC_Src\WR.Utils\LogSevrice.cs:95)] - MethodName:GetMenuByUserId stop at 20:53:32
[2017-04-04 20:53:39,957][10][INFO ][WR.WCF.Site.sysService:WR.Utils.LoggerEx.Info(C:\yang.luo\others\SMEE\WFRC_Src\WR.Utils\LogSevrice.cs:95)] - MethodName:Login start at 20:53:39
[2017-04-04 20:53:39,958][10][INFO ][WR.WCF.Site.sysService:WR.Utils.LoggerEx.Info(C:\yang.luo\others\SMEE\WFRC_Src\WR.Utils\LogSevrice.cs:95)] - MethodName:Login1 start at 20:53:39
[2017-04-04 20:53:39,965][10][INFO ][WR.WCF.Site.sysService:WR.Utils.LoggerEx.Info(C:\yang.luo\others\SMEE\WFRC_Src\WR.Utils\LogSevrice.cs:95)] - MethodName:Login stop at 20:53:39
[2017-04-04 20:53:39,974][5][INFO ][WR.WCF.Site.sysService:WR.Utils.LoggerEx.Info(C:\yang.luo\others\SMEE\WFRC_Src\WR.Utils\LogSevrice.cs:95)] - MethodName:GetCmn start at 20:53:39
[2017-04-04 20:53:39,978][5][INFO ][WR.WCF.Site.sysService:WR.Utils.LoggerEx.Info(C:\yang.luo\others\SMEE\WFRC_Src\WR.Utils\LogSevrice.cs:95)] - MethodName:GetCmn stop at 20:53:39
[2017-04-04 20:53:39,992][6][INFO ][WR.WCF.Site.sysService:WR.Utils.LoggerEx.Info(C:\yang.luo\others\SMEE\WFRC_Src\WR.Utils\LogSevrice.cs:95)] - MethodName:GetMenuByUserId start at 20:53:39
[2017-04-04 20:53:40,175][6][INFO ][WR.WCF.Site.sysService:WR.Utils.LoggerEx.Info(C:\yang.luo\others\SMEE\WFRC_Src\WR.Utils\LogSevrice.cs:95)] - MethodName:GetMenuByUserId stop at 20:53:40
[2017-04-04 21:29:13,230][14][INFO ][WR.WCF.Site.sysService:WR.Utils.LoggerEx.Info(C:\yang.luo\others\SMEE\WFRC_Src\WR.Utils\LogSevrice.cs:95)] - MethodName:Login start at 21:29:13
[2017-04-04 21:29:13,274][14][INFO ][WR.WCF.Site.sysService:WR.Utils.LoggerEx.Info(C:\yang.luo\others\SMEE\WFRC_Src\WR.Utils\LogSevrice.cs:95)] - MethodName:Login1 start at 21:29:13
[2017-04-04 21:29:14,427][14][INFO ][WR.WCF.Site.sysService:WR.Utils.LoggerEx.Info(C:\yang.luo\others\SMEE\WFRC_Src\WR.Utils\LogSevrice.cs:95)] - MethodName:Login stop at 21:29:14
[2017-04-04 21:29:14,605][6][INFO ][WR.WCF.Site.sysService:WR.Utils.LoggerEx.Info(C:\yang.luo\others\SMEE\WFRC_Src\WR.Utils\LogSevrice.cs:95)] - MethodName:GetCmn start at 21:29:14
[2017-04-04 21:29:14,624][6][INFO ][WR.WCF.Site.sysService:WR.Utils.LoggerEx.Info(C:\yang.luo\others\SMEE\WFRC_Src\WR.Utils\LogSevrice.cs:95)] - MethodName:GetCmn stop at 21:29:14
[2017-04-04 21:29:14,650][6][INFO ][WR.WCF.Site.sysService:WR.Utils.LoggerEx.Info(C:\yang.luo\others\SMEE\WFRC_Src\WR.Utils\LogSevrice.cs:95)] - MethodName:GetMenuByUserId start at 21:29:14
[2017-04-04 21:29:14,929][6][INFO ][WR.WCF.Site.sysService:WR.Utils.LoggerEx.Info(C:\yang.luo\others\SMEE\WFRC_Src\WR.Utils\LogSevrice.cs:95)] - MethodName:GetMenuByUserId stop at 21:29:14
[2017-04-04 21:29:26,126][5][INFO ][WR.WCF.Site.sysService:WR.Utils.LoggerEx.Info(C:\yang.luo\others\SMEE\WFRC_Src\WR.Utils\LogSevrice.cs:95)] - MethodName:Login start at 21:29:26
[2017-04-04 21:29:26,135][5][INFO ][WR.WCF.Site.sysService:WR.Utils.LoggerEx.Info(C:\yang.luo\others\SMEE\WFRC_Src\WR.Utils\LogSevrice.cs:95)] - MethodName:Login1 start at 21:29:26
[2017-04-04 21:29:26,143][5][INFO ][WR.WCF.Site.sysService:WR.Utils.LoggerEx.Info(C:\yang.luo\others\SMEE\WFRC_Src\WR.Utils\LogSevrice.cs:95)] - MethodName:Login stop at 21:29:26
[2017-04-04 21:29:26,165][5][INFO ][WR.WCF.Site.sysService:WR.Utils.LoggerEx.Info(C:\yang.luo\others\SMEE\WFRC_Src\WR.Utils\LogSevrice.cs:95)] - MethodName:GetCmn start at 21:29:26
[2017-04-04 21:29:26,169][5][INFO ][WR.WCF.Site.sysService:WR.Utils.LoggerEx.Info(C:\yang.luo\others\SMEE\WFRC_Src\WR.Utils\LogSevrice.cs:95)] - MethodName:GetCmn stop at 21:29:26
[2017-04-04 21:29:26,179][6][INFO ][WR.WCF.Site.sysService:WR.Utils.LoggerEx.Info(C:\yang.luo\others\SMEE\WFRC_Src\WR.Utils\LogSevrice.cs:95)] - MethodName:GetMenuByUserId start at 21:29:26
[2017-04-04 21:29:26,325][6][INFO ][WR.WCF.Site.sysService:WR.Utils.LoggerEx.Info(C:\yang.luo\others\SMEE\WFRC_Src\WR.Utils\LogSevrice.cs:95)] - MethodName:GetMenuByUserId stop at 21:29:26
[2017-04-04 21:30:25,126][5][INFO ][WR.WCF.Site.sysService:WR.Utils.LoggerEx.Info(C:\yang.luo\others\SMEE\WFRC_Src\WR.Utils\LogSevrice.cs:95)] - MethodName:Login start at 21:30:25
[2017-04-04 21:30:25,221][5][INFO ][WR.WCF.Site.sysService:WR.Utils.LoggerEx.Info(C:\yang.luo\others\SMEE\WFRC_Src\WR.Utils\LogSevrice.cs:95)] - MethodName:Login1 start at 21:30:25
[2017-04-04 21:30:27,310][5][INFO ][WR.WCF.Site.sysService:WR.Utils.LoggerEx.Info(C:\yang.luo\others\SMEE\WFRC_Src\WR.Utils\LogSevrice.cs:95)] - MethodName:Login stop at 21:30:27
[2017-04-04 21:33:35,251][6][INFO ][WR.WCF.Site.sysService:WR.Utils.LoggerEx.Info(C:\yang.luo\others\SMEE\WFRC_Src\WR.Utils\LogSevrice.cs:95)] - MethodName:Login start at 21:33:35
[2017-04-04 21:33:35,308][6][INFO ][WR.WCF.Site.sysService:WR.Utils.LoggerEx.Info(C:\yang.luo\others\SMEE\WFRC_Src\WR.Utils\LogSevrice.cs:95)] - MethodName:Login1 start at 21:33:35
[2017-04-04 21:33:37,418][6][INFO ][WR.WCF.Site.sysService:WR.Utils.LoggerEx.Info(C:\yang.luo\others\SMEE\WFRC_Src\WR.Utils\LogSevrice.cs:95)] - MethodName:Login stop at 21:33:37
[2017-04-04 21:33:37,571][4][INFO ][WR.WCF.Site.sysService:WR.Utils.LoggerEx.Info(C:\yang.luo\others\SMEE\WFRC_Src\WR.Utils\LogSevrice.cs:95)] - MethodName:GetCmn start at 21:33:37
[2017-04-04 21:33:37,630][4][INFO ][WR.WCF.Site.sysService:WR.Utils.LoggerEx.Info(C:\yang.luo\others\SMEE\WFRC_Src\WR.Utils\LogSevrice.cs:95)] - MethodName:GetCmn stop at 21:33:37
[2017-04-04 21:33:37,648][4][INFO ][WR.WCF.Site.sysService:WR.Utils.LoggerEx.Info(C:\yang.luo\others\SMEE\WFRC_Src\WR.Utils\LogSevrice.cs:95)] - MethodName:GetMenuByUserId start at 21:33:37
[2017-04-04 21:33:38,058][4][INFO ][WR.WCF.Site.sysService:WR.Utils.LoggerEx.Info(C:\yang.luo\others\SMEE\WFRC_Src\WR.Utils\LogSevrice.cs:95)] - MethodName:GetMenuByUserId stop at 21:33:38
[2017-04-04 21:33:49,234][6][INFO ][WR.WCF.Site.sysService:WR.Utils.LoggerEx.Info(C:\yang.luo\others\SMEE\WFRC_Src\WR.Utils\LogSevrice.cs:95)] - MethodName:Login start at 21:33:49
[2017-04-04 21:33:49,235][6][INFO ][WR.WCF.Site.sysService:WR.Utils.LoggerEx.Info(C:\yang.luo\others\SMEE\WFRC_Src\WR.Utils\LogSevrice.cs:95)] - MethodName:Login1 start at 21:33:49
[2017-04-04 21:33:49,244][6][INFO ][WR.WCF.Site.sysService:WR.Utils.LoggerEx.Info(C:\yang.luo\others\SMEE\WFRC_Src\WR.Utils\LogSevrice.cs:95)] - MethodName:Login stop at 21:33:49
[2017-04-04 21:33:49,273][4][INFO ][WR.WCF.Site.sysService:WR.Utils.LoggerEx.Info(C:\yang.luo\others\SMEE\WFRC_Src\WR.Utils\LogSevrice.cs:95)] - MethodName:GetCmn start at 21:33:49
[2017-04-04 21:33:49,277][4][INFO ][WR.WCF.Site.sysService:WR.Utils.LoggerEx.Info(C:\yang.luo\others\SMEE\WFRC_Src\WR.Utils\LogSevrice.cs:95)] - MethodName:GetCmn stop at 21:33:49
[2017-04-04 21:33:49,289][11][INFO ][WR.WCF.Site.sysService:WR.Utils.LoggerEx.Info(C:\yang.luo\others\SMEE\WFRC_Src\WR.Utils\LogSevrice.cs:95)] - MethodName:GetMenuByUserId start at 21:33:49
[2017-04-04 21:33:49,460][11][INFO ][WR.WCF.Site.sysService:WR.Utils.LoggerEx.Info(C:\yang.luo\others\SMEE\WFRC_Src\WR.Utils\LogSevrice.cs:95)] - MethodName:GetMenuByUserId stop at 21:33:49
[2017-04-04 21:33:54,880][11][INFO ][WR.WCF.Site.sysService:WR.Utils.LoggerEx.Info(C:\yang.luo\others\SMEE\WFRC_Src\WR.Utils\LogSevrice.cs:95)] - MethodName:Login start at 21:33:54
[2017-04-04 21:33:54,881][11][INFO ][WR.WCF.Site.sysService:WR.Utils.LoggerEx.Info(C:\yang.luo\others\SMEE\WFRC_Src\WR.Utils\LogSevrice.cs:95)] - MethodName:Login1 start at 21:33:54
[2017-04-04 21:33:54,888][11][INFO ][WR.WCF.Site.sysService:WR.Utils.LoggerEx.Info(C:\yang.luo\others\SMEE\WFRC_Src\WR.Utils\LogSevrice.cs:95)] - MethodName:Login stop at 21:33:54
[2017-04-04 21:33:54,893][6][INFO ][WR.WCF.Site.sysService:WR.Utils.LoggerEx.Info(C:\yang.luo\others\SMEE\WFRC_Src\WR.Utils\LogSevrice.cs:95)] - MethodName:GetCmn start at 21:33:54
[2017-04-04 21:33:54,896][6][INFO ][WR.WCF.Site.sysService:WR.Utils.LoggerEx.Info(C:\yang.luo\others\SMEE\WFRC_Src\WR.Utils\LogSevrice.cs:95)] - MethodName:GetCmn stop at 21:33:54
[2017-04-04 21:33:54,903][4][INFO ][WR.WCF.Site.sysService:WR.Utils.LoggerEx.Info(C:\yang.luo\others\SMEE\WFRC_Src\WR.Utils\LogSevrice.cs:95)] - MethodName:GetMenuByUserId start at 21:33:54
[2017-04-04 21:33:55,042][4][INFO ][WR.WCF.Site.sysService:WR.Utils.LoggerEx.Info(C:\yang.luo\others\SMEE\WFRC_Src\WR.Utils\LogSevrice.cs:95)] - MethodName:GetMenuByUserId stop at 21:33:55
[2017-04-04 21:34:10,528][4][INFO ][WR.WCF.Site.sysService:WR.Utils.LoggerEx.Info(C:\yang.luo\others\SMEE\WFRC_Src\WR.Utils\LogSevrice.cs:95)] - MethodName:Login start at 21:34:10
[2017-04-04 21:34:10,529][4][INFO ][WR.WCF.Site.sysService:WR.Utils.LoggerEx.Info(C:\yang.luo\others\SMEE\WFRC_Src\WR.Utils\LogSevrice.cs:95)] - MethodName:Login1 start at 21:34:10
[2017-04-04 21:34:10,546][4][INFO ][WR.WCF.Site.sysService:WR.Utils.LoggerEx.Info(C:\yang.luo\others\SMEE\WFRC_Src\WR.Utils\LogSevrice.cs:95)] - MethodName:Login stop at 21:34:10
[2017-04-04 21:34:10,642][14][INFO ][WR.WCF.Site.sysService:WR.Utils.LoggerEx.Info(C:\yang.luo\others\SMEE\WFRC_Src\WR.Utils\LogSevrice.cs:95)] - MethodName:GetCmn start at 21:34:10
[2017-04-04 21:34:10,646][14][INFO ][WR.WCF.Site.sysService:WR.Utils.LoggerEx.Info(C:\yang.luo\others\SMEE\WFRC_Src\WR.Utils\LogSevrice.cs:95)] - MethodName:GetCmn stop at 21:34:10
[2017-04-04 21:34:10,656][14][INFO ][WR.WCF.Site.sysService:WR.Utils.LoggerEx.Info(C:\yang.luo\others\SMEE\WFRC_Src\WR.Utils\LogSevrice.cs:95)] - MethodName:GetMenuByUserId start at 21:34:10
[2017-04-04 21:34:10,859][14][INFO ][WR.WCF.Site.sysService:WR.Utils.LoggerEx.Info(C:\yang.luo\others\SMEE\WFRC_Src\WR.Utils\LogSevrice.cs:95)] - MethodName:GetMenuByUserId stop at 21:34:10
[2017-04-04 21:45:06,449][22][INFO ][WR.WCF.Site.sysService:WR.Utils.LoggerEx.Info(C:\yang.luo\others\SMEE\WFRC_Src\WR.Utils\LogSevrice.cs:95)] - MethodName:Login start at 21:45:06
[2017-04-04 21:45:10,442][22][INFO ][WR.WCF.Site.sysService:WR.Utils.LoggerEx.Info(C:\yang.luo\others\SMEE\WFRC_Src\WR.Utils\LogSevrice.cs:95)] - MethodName:Login1 start at 21:45:10
[2017-04-04 21:45:12,799][22][INFO ][WR.WCF.Site.sysService:WR.Utils.LoggerEx.Info(C:\yang.luo\others\SMEE\WFRC_Src\WR.Utils\LogSevrice.cs:95)] - MethodName:Login stop at 21:45:12
[2017-04-04 21:45:12,950][21][INFO ][WR.WCF.Site.sysService:WR.Utils.LoggerEx.Info(C:\yang.luo\others\SMEE\WFRC_Src\WR.Utils\LogSevrice.cs:95)] - MethodName:GetCmn start at 21:45:12
[2017-04-04 21:45:12,997][21][INFO ][WR.WCF.Site.sysService:WR.Utils.LoggerEx.Info(C:\yang.luo\others\SMEE\WFRC_Src\WR.Utils\LogSevrice.cs:95)] - MethodName:GetCmn stop at 21:45:12
[2017-04-04 21:45:13,017][7][INFO ][WR.WCF.Site.sysService:WR.Utils.LoggerEx.Info(C:\yang.luo\others\SMEE\WFRC_Src\WR.Utils\LogSevrice.cs:95)] - MethodName:GetMenuByUserId start at 21:45:13
[2017-04-04 21:45:13,302][7][INFO ][WR.WCF.Site.sysService:WR.Utils.LoggerEx.Info(C:\yang.luo\others\SMEE\WFRC_Src\WR.Utils\LogSevrice.cs:95)] - MethodName:GetMenuByUserId stop at 21:45:13
[2017-04-04 21:45:13,398][7][INFO ][WR.WCF.Site.wrService:WR.Utils.LoggerEx.Info(C:\yang.luo\others\SMEE\WFRC_Src\WR.Utils\LogSevrice.cs:95)] - MethodName:GetIdentification start at 21:45:13
[2017-04-04 21:45:14,402][21][INFO ][WR.WCF.Site.wrService:WR.Utils.LoggerEx.Info(C:\yang.luo\others\SMEE\WFRC_Src\WR.Utils\LogSevrice.cs:95)] - MethodName:GetWaferResult start at 21:45:14
[2017-04-04 21:45:19,390][21][INFO ][WR.WCF.Site.sysService:WR.Utils.LoggerEx.Info(C:\yang.luo\others\SMEE\WFRC_Src\WR.Utils\LogSevrice.cs:95)] - MethodName:Login start at 21:45:19
[2017-04-04 21:45:19,392][21][INFO ][WR.WCF.Site.sysService:WR.Utils.LoggerEx.Info(C:\yang.luo\others\SMEE\WFRC_Src\WR.Utils\LogSevrice.cs:95)] - MethodName:Login1 start at 21:45:19
[2017-04-04 21:45:19,399][21][INFO ][WR.WCF.Site.sysService:WR.Utils.LoggerEx.Info(C:\yang.luo\others\SMEE\WFRC_Src\WR.Utils\LogSevrice.cs:95)] - MethodName:Login stop at 21:45:19
[2017-04-04 21:45:19,409][22][INFO ][WR.WCF.Site.sysService:WR.Utils.LoggerEx.Info(C:\yang.luo\others\SMEE\WFRC_Src\WR.Utils\LogSevrice.cs:95)] - MethodName:GetCmn start at 21:45:19
[2017-04-04 21:45:19,413][22][INFO ][WR.WCF.Site.sysService:WR.Utils.LoggerEx.Info(C:\yang.luo\others\SMEE\WFRC_Src\WR.Utils\LogSevrice.cs:95)] - MethodName:GetCmn stop at 21:45:19
[2017-04-04 21:45:19,419][7][INFO ][WR.WCF.Site.sysService:WR.Utils.LoggerEx.Info(C:\yang.luo\others\SMEE\WFRC_Src\WR.Utils\LogSevrice.cs:95)] - MethodName:GetMenuByUserId start at 21:45:19
[2017-04-04 21:45:19,560][7][INFO ][WR.WCF.Site.sysService:WR.Utils.LoggerEx.Info(C:\yang.luo\others\SMEE\WFRC_Src\WR.Utils\LogSevrice.cs:95)] - MethodName:GetMenuByUserId stop at 21:45:19
[2017-04-04 21:45:19,570][21][INFO ][WR.WCF.Site.wrService:WR.Utils.LoggerEx.Info(C:\yang.luo\others\SMEE\WFRC_Src\WR.Utils\LogSevrice.cs:95)] - MethodName:GetIdentification start at 21:45:19
[2017-04-04 21:45:20,530][7][INFO ][WR.WCF.Site.wrService:WR.Utils.LoggerEx.Info(C:\yang.luo\others\SMEE\WFRC_Src\WR.Utils\LogSevrice.cs:95)] - MethodName:GetWaferResult start at 21:45:20
[2017-04-04 21:45:24,297][21][INFO ][WR.WCF.Site.sysService:WR.Utils.LoggerEx.Info(C:\yang.luo\others\SMEE\WFRC_Src\WR.Utils\LogSevrice.cs:95)] - MethodName:Login start at 21:45:24
[2017-04-04 21:45:24,298][21][INFO ][WR.WCF.Site.sysService:WR.Utils.LoggerEx.Info(C:\yang.luo\others\SMEE\WFRC_Src\WR.Utils\LogSevrice.cs:95)] - MethodName:Login1 start at 21:45:24
[2017-04-04 21:45:24,306][21][INFO ][WR.WCF.Site.sysService:WR.Utils.LoggerEx.Info(C:\yang.luo\others\SMEE\WFRC_Src\WR.Utils\LogSevrice.cs:95)] - MethodName:Login stop at 21:45:24
[2017-04-04 21:45:24,313][21][INFO ][WR.WCF.Site.sysService:WR.Utils.LoggerEx.Info(C:\yang.luo\others\SMEE\WFRC_Src\WR.Utils\LogSevrice.cs:95)] - MethodName:GetCmn start at 21:45:24
[2017-04-04 21:45:24,317][21][INFO ][WR.WCF.Site.sysService:WR.Utils.LoggerEx.Info(C:\yang.luo\others\SMEE\WFRC_Src\WR.Utils\LogSevrice.cs:95)] - MethodName:GetCmn stop at 21:45:24
[2017-04-04 21:45:24,327][21][INFO ][WR.WCF.Site.sysService:WR.Utils.LoggerEx.Info(C:\yang.luo\others\SMEE\WFRC_Src\WR.Utils\LogSevrice.cs:95)] - MethodName:GetMenuByUserId start at 21:45:24
[2017-04-04 21:45:24,488][21][INFO ][WR.WCF.Site.sysService:WR.Utils.LoggerEx.Info(C:\yang.luo\others\SMEE\WFRC_Src\WR.Utils\LogSevrice.cs:95)] - MethodName:GetMenuByUserId stop at 21:45:24
[2017-04-04 21:45:24,498][13][INFO ][WR.WCF.Site.wrService:WR.Utils.LoggerEx.Info(C:\yang.luo\others\SMEE\WFRC_Src\WR.Utils\LogSevrice.cs:95)] - MethodName:GetIdentification start at 21:45:24
[2017-04-04 21:45:25,451][7][INFO ][WR.WCF.Site.wrService:WR.Utils.LoggerEx.Info(C:\yang.luo\others\SMEE\WFRC_Src\WR.Utils\LogSevrice.cs:95)] - MethodName:GetWaferResult start at 21:45:25
[2017-04-04 21:52:28,763][5][INFO ][WR.WCF.Site.sysService:WR.Utils.LoggerEx.Info(C:\yang.luo\others\SMEE\WFRC_Src\WR.Utils\LogSevrice.cs:95)] - MethodName:Login start at 21:52:28
[2017-04-04 21:52:33,364][5][INFO ][WR.WCF.Site.sysService:WR.Utils.LoggerEx.Info(C:\yang.luo\others\SMEE\WFRC_Src\WR.Utils\LogSevrice.cs:95)] - MethodName:Login1 start at 21:52:33
[2017-04-04 21:52:34,915][5][INFO ][WR.WCF.Site.sysService:WR.Utils.LoggerEx.Info(C:\yang.luo\others\SMEE\WFRC_Src\WR.Utils\LogSevrice.cs:95)] - MethodName:Login stop at 21:52:34
[2017-04-04 21:52:39,102][5][INFO ][WR.WCF.Site.sysService:WR.Utils.LoggerEx.Info(C:\yang.luo\others\SMEE\WFRC_Src\WR.Utils\LogSevrice.cs:95)] - MethodName:Login start at 21:52:39
[2017-04-04 21:52:39,104][5][INFO ][WR.WCF.Site.sysService:WR.Utils.LoggerEx.Info(C:\yang.luo\others\SMEE\WFRC_Src\WR.Utils\LogSevrice.cs:95)] - MethodName:Login1 start at 21:52:39
[2017-04-04 21:52:39,450][5][INFO ][WR.WCF.Site.sysService:WR.Utils.LoggerEx.Info(C:\yang.luo\others\SMEE\WFRC_Src\WR.Utils\LogSevrice.cs:95)] - MethodName:Login stop at 21:52:39
[2017-04-04 21:52:39,462][5][INFO ][WR.WCF.Site.sysService:WR.Utils.LoggerEx.Info(C:\yang.luo\others\SMEE\WFRC_Src\WR.Utils\LogSevrice.cs:95)] - MethodName:GetCmn start at 21:52:39
[2017-04-04 21:52:39,484][5][INFO ][WR.WCF.Site.sysService:WR.Utils.LoggerEx.Info(C:\yang.luo\others\SMEE\WFRC_Src\WR.Utils\LogSevrice.cs:95)] - MethodName:GetCmn stop at 21:52:39
[2017-04-04 21:52:39,502][13][INFO ][WR.WCF.Site.sysService:WR.Utils.LoggerEx.Info(C:\yang.luo\others\SMEE\WFRC_Src\WR.Utils\LogSevrice.cs:95)] - MethodName:GetMenuByUserId start at 21:52:39
[2017-04-04 21:52:39,714][13][INFO ][WR.WCF.Site.sysService:WR.Utils.LoggerEx.Info(C:\yang.luo\others\SMEE\WFRC_Src\WR.Utils\LogSevrice.cs:95)] - MethodName:GetMenuByUserId stop at 21:52:39
[2017-04-04 21:52:39,800][13][INFO ][WR.WCF.Site.wrService:WR.Utils.LoggerEx.Info(C:\yang.luo\others\SMEE\WFRC_Src\WR.Utils\LogSevrice.cs:95)] - MethodName:GetIdentification start at 21:52:39
[2017-04-04 21:52:40,881][13][INFO ][WR.WCF.Site.wrService:WR.Utils.LoggerEx.Info(C:\yang.luo\others\SMEE\WFRC_Src\WR.Utils\LogSevrice.cs:95)] - MethodName:GetWaferResult start at 21:52:40
[2017-04-04 21:52:50,398][6][INFO ][WR.WCF.Site.sysService:WR.Utils.LoggerEx.Info(C:\yang.luo\others\SMEE\WFRC_Src\WR.Utils\LogSevrice.cs:95)] - MethodName:Login start at 21:52:50
[2017-04-04 21:52:50,399][6][INFO ][WR.WCF.Site.sysService:WR.Utils.LoggerEx.Info(C:\yang.luo\others\SMEE\WFRC_Src\WR.Utils\LogSevrice.cs:95)] - MethodName:Login1 start at 21:52:50
[2017-04-04 21:52:50,401][6][INFO ][WR.WCF.Site.sysService:WR.Utils.LoggerEx.Info(C:\yang.luo\others\SMEE\WFRC_Src\WR.Utils\LogSevrice.cs:95)] - MethodName:Login stop at 21:52:50
[2017-04-04 21:52:52,921][13][INFO ][WR.WCF.Site.sysService:WR.Utils.LoggerEx.Info(C:\yang.luo\others\SMEE\WFRC_Src\WR.Utils\LogSevrice.cs:95)] - MethodName:Login start at 21:52:52
[2017-04-04 21:52:52,923][13][INFO ][WR.WCF.Site.sysService:WR.Utils.LoggerEx.Info(C:\yang.luo\others\SMEE\WFRC_Src\WR.Utils\LogSevrice.cs:95)] - MethodName:Login1 start at 21:52:52
[2017-04-04 21:52:52,931][13][INFO ][WR.WCF.Site.sysService:WR.Utils.LoggerEx.Info(C:\yang.luo\others\SMEE\WFRC_Src\WR.Utils\LogSevrice.cs:95)] - MethodName:Login stop at 21:52:52
[2017-04-04 21:52:52,941][6][INFO ][WR.WCF.Site.sysService:WR.Utils.LoggerEx.Info(C:\yang.luo\others\SMEE\WFRC_Src\WR.Utils\LogSevrice.cs:95)] - MethodName:GetCmn start at 21:52:52
[2017-04-04 21:52:52,946][6][INFO ][WR.WCF.Site.sysService:WR.Utils.LoggerEx.Info(C:\yang.luo\others\SMEE\WFRC_Src\WR.Utils\LogSevrice.cs:95)] - MethodName:GetCmn stop at 21:52:52
[2017-04-04 21:52:52,960][13][INFO ][WR.WCF.Site.sysService:WR.Utils.LoggerEx.Info(C:\yang.luo\others\SMEE\WFRC_Src\WR.Utils\LogSevrice.cs:95)] - MethodName:GetMenuByUserId start at 21:52:52
[2017-04-04 21:52:52,964][13][INFO ][WR.WCF.Site.sysService:WR.Utils.LoggerEx.Info(C:\yang.luo\others\SMEE\WFRC_Src\WR.Utils\LogSevrice.cs:95)] - MethodName:GetMenuByUserId stop at 21:52:52
[2017-04-04 21:52:53,009][5][INFO ][WR.WCF.Site.wrService:WR.Utils.LoggerEx.Info(C:\yang.luo\others\SMEE\WFRC_Src\WR.Utils\LogSevrice.cs:95)] - MethodName:GetIdentification start at 21:52:53
[2017-04-04 21:52:53,041][13][INFO ][WR.WCF.Site.wrService:WR.Utils.LoggerEx.Info(C:\yang.luo\others\SMEE\WFRC_Src\WR.Utils\LogSevrice.cs:95)] - MethodName:GetWaferResult start at 21:52:53
[2017-04-04 21:53:03,249][6][INFO ][WR.WCF.Site.sysService:WR.Utils.LoggerEx.Info(C:\yang.luo\others\SMEE\WFRC_Src\WR.Utils\LogSevrice.cs:95)] - MethodName:Login start at 21:53:03
[2017-04-04 21:53:03,250][6][INFO ][WR.WCF.Site.sysService:WR.Utils.LoggerEx.Info(C:\yang.luo\others\SMEE\WFRC_Src\WR.Utils\LogSevrice.cs:95)] - MethodName:Login1 start at 21:53:03
[2017-04-04 21:53:03,252][6][INFO ][WR.WCF.Site.sysService:WR.Utils.LoggerEx.Info(C:\yang.luo\others\SMEE\WFRC_Src\WR.Utils\LogSevrice.cs:95)] - MethodName:Login stop at 21:53:03
[2017-04-04 21:53:05,676][10][INFO ][WR.WCF.Site.sysService:WR.Utils.LoggerEx.Info(C:\yang.luo\others\SMEE\WFRC_Src\WR.Utils\LogSevrice.cs:95)] - MethodName:Login start at 21:53:05
[2017-04-04 21:53:05,677][10][INFO ][WR.WCF.Site.sysService:WR.Utils.LoggerEx.Info(C:\yang.luo\others\SMEE\WFRC_Src\WR.Utils\LogSevrice.cs:95)] - MethodName:Login1 start at 21:53:05
[2017-04-04 21:53:05,683][10][INFO ][WR.WCF.Site.sysService:WR.Utils.LoggerEx.Info(C:\yang.luo\others\SMEE\WFRC_Src\WR.Utils\LogSevrice.cs:95)] - MethodName:Login stop at 21:53:05
[2017-04-04 21:53:05,689][10][INFO ][WR.WCF.Site.sysService:WR.Utils.LoggerEx.Info(C:\yang.luo\others\SMEE\WFRC_Src\WR.Utils\LogSevrice.cs:95)] - MethodName:GetCmn start at 21:53:05
[2017-04-04 21:53:05,692][10][INFO ][WR.WCF.Site.sysService:WR.Utils.LoggerEx.Info(C:\yang.luo\others\SMEE\WFRC_Src\WR.Utils\LogSevrice.cs:95)] - MethodName:GetCmn stop at 21:53:05
[2017-04-04 21:53:05,700][10][INFO ][WR.WCF.Site.sysService:WR.Utils.LoggerEx.Info(C:\yang.luo\others\SMEE\WFRC_Src\WR.Utils\LogSevrice.cs:95)] - MethodName:GetMenuByUserId start at 21:53:05
[2017-04-04 21:53:05,702][10][INFO ][WR.WCF.Site.sysService:WR.Utils.LoggerEx.Info(C:\yang.luo\others\SMEE\WFRC_Src\WR.Utils\LogSevrice.cs:95)] - MethodName:GetMenuByUserId stop at 21:53:05
[2017-04-04 21:53:05,739][10][INFO ][WR.WCF.Site.wrService:WR.Utils.LoggerEx.Info(C:\yang.luo\others\SMEE\WFRC_Src\WR.Utils\LogSevrice.cs:95)] - MethodName:GetIdentification start at 21:53:05
[2017-04-04 21:53:05,761][6][INFO ][WR.WCF.Site.wrService:WR.Utils.LoggerEx.Info(C:\yang.luo\others\SMEE\WFRC_Src\WR.Utils\LogSevrice.cs:95)] - MethodName:GetWaferResult start at 21:53:05
[2017-04-04 21:53:16,877][5][INFO ][WR.WCF.Site.sysService:WR.Utils.LoggerEx.Info(C:\yang.luo\others\SMEE\WFRC_Src\WR.Utils\LogSevrice.cs:95)] - MethodName:Login start at 21:53:16
[2017-04-04 21:53:16,878][5][INFO ][WR.WCF.Site.sysService:WR.Utils.LoggerEx.Info(C:\yang.luo\others\SMEE\WFRC_Src\WR.Utils\LogSevrice.cs:95)] - MethodName:Login1 start at 21:53:16
[2017-04-04 21:53:16,880][5][INFO ][WR.WCF.Site.sysService:WR.Utils.LoggerEx.Info(C:\yang.luo\others\SMEE\WFRC_Src\WR.Utils\LogSevrice.cs:95)] - MethodName:Login stop at 21:53:16
[2017-04-04 21:53:18,299][5][INFO ][WR.WCF.Site.sysService:WR.Utils.LoggerEx.Info(C:\yang.luo\others\SMEE\WFRC_Src\WR.Utils\LogSevrice.cs:95)] - MethodName:Login start at 21:53:18
[2017-04-04 21:53:18,300][5][INFO ][WR.WCF.Site.sysService:WR.Utils.LoggerEx.Info(C:\yang.luo\others\SMEE\WFRC_Src\WR.Utils\LogSevrice.cs:95)] - MethodName:Login1 start at 21:53:18
[2017-04-04 21:53:18,305][5][INFO ][WR.WCF.Site.sysService:WR.Utils.LoggerEx.Info(C:\yang.luo\others\SMEE\WFRC_Src\WR.Utils\LogSevrice.cs:95)] - MethodName:Login stop at 21:53:18
[2017-04-04 21:53:18,319][5][INFO ][WR.WCF.Site.sysService:WR.Utils.LoggerEx.Info(C:\yang.luo\others\SMEE\WFRC_Src\WR.Utils\LogSevrice.cs:95)] - MethodName:GetCmn start at 21:53:18
[2017-04-04 21:53:18,323][5][INFO ][WR.WCF.Site.sysService:WR.Utils.LoggerEx.Info(C:\yang.luo\others\SMEE\WFRC_Src\WR.Utils\LogSevrice.cs:95)] - MethodName:GetCmn stop at 21:53:18
[2017-04-04 21:53:18,333][13][INFO ][WR.WCF.Site.sysService:WR.Utils.LoggerEx.Info(C:\yang.luo\others\SMEE\WFRC_Src\WR.Utils\LogSevrice.cs:95)] - MethodName:GetMenuByUserId start at 21:53:18
[2017-04-04 21:53:18,336][13][INFO ][WR.WCF.Site.sysService:WR.Utils.LoggerEx.Info(C:\yang.luo\others\SMEE\WFRC_Src\WR.Utils\LogSevrice.cs:95)] - MethodName:GetMenuByUserId stop at 21:53:18
[2017-04-04 21:53:18,378][6][INFO ][WR.WCF.Site.wrService:WR.Utils.LoggerEx.Info(C:\yang.luo\others\SMEE\WFRC_Src\WR.Utils\LogSevrice.cs:95)] - MethodName:GetIdentification start at 21:53:18
[2017-04-04 21:53:18,400][6][INFO ][WR.WCF.Site.wrService:WR.Utils.LoggerEx.Info(C:\yang.luo\others\SMEE\WFRC_Src\WR.Utils\LogSevrice.cs:95)] - MethodName:GetWaferResult start at 21:53:18
[2017-04-04 21:53:57,888][5][INFO ][WR.WCF.Site.sysService:WR.Utils.LoggerEx.Info(C:\yang.luo\others\SMEE\WFRC_Src\WR.Utils\LogSevrice.cs:95)] - MethodName:Login start at 21:53:57
[2017-04-04 21:53:57,891][5][INFO ][WR.WCF.Site.sysService:WR.Utils.LoggerEx.Info(C:\yang.luo\others\SMEE\WFRC_Src\WR.Utils\LogSevrice.cs:95)] - MethodName:Login1 start at 21:53:57
[2017-04-04 21:53:57,904][5][INFO ][WR.WCF.Site.sysService:WR.Utils.LoggerEx.Info(C:\yang.luo\others\SMEE\WFRC_Src\WR.Utils\LogSevrice.cs:95)] - MethodName:Login stop at 21:53:57
[2017-04-04 21:53:58,044][6][INFO ][WR.WCF.Site.sysService:WR.Utils.LoggerEx.Info(C:\yang.luo\others\SMEE\WFRC_Src\WR.Utils\LogSevrice.cs:95)] - MethodName:GetCmn start at 21:53:58
[2017-04-04 21:53:58,049][6][INFO ][WR.WCF.Site.sysService:WR.Utils.LoggerEx.Info(C:\yang.luo\others\SMEE\WFRC_Src\WR.Utils\LogSevrice.cs:95)] - MethodName:GetCmn stop at 21:53:58
[2017-04-04 21:53:58,068][13][INFO ][WR.WCF.Site.sysService:WR.Utils.LoggerEx.Info(C:\yang.luo\others\SMEE\WFRC_Src\WR.Utils\LogSevrice.cs:95)] - MethodName:GetMenuByUserId start at 21:53:58
[2017-04-04 21:53:58,343][13][INFO ][WR.WCF.Site.sysService:WR.Utils.LoggerEx.Info(C:\yang.luo\others\SMEE\WFRC_Src\WR.Utils\LogSevrice.cs:95)] - MethodName:GetMenuByUserId stop at 21:53:58
[2017-04-04 21:53:58,388][13][INFO ][WR.WCF.Site.wrService:WR.Utils.LoggerEx.Info(C:\yang.luo\others\SMEE\WFRC_Src\WR.Utils\LogSevrice.cs:95)] - MethodName:GetIdentification start at 21:53:58
[2017-04-04 21:53:59,473][10][INFO ][WR.WCF.Site.wrService:WR.Utils.LoggerEx.Info(C:\yang.luo\others\SMEE\WFRC_Src\WR.Utils\LogSevrice.cs:95)] - MethodName:GetWaferResult start at 21:53:59
[2017-04-04 21:54:18,847][5][INFO ][WR.WCF.Site.sysService:WR.Utils.LoggerEx.Info(C:\yang.luo\others\SMEE\WFRC_Src\WR.Utils\LogSevrice.cs:95)] - MethodName:Login start at 21:54:18
[2017-04-04 21:54:18,849][5][INFO ][WR.WCF.Site.sysService:WR.Utils.LoggerEx.Info(C:\yang.luo\others\SMEE\WFRC_Src\WR.Utils\LogSevrice.cs:95)] - MethodName:Login1 start at 21:54:18
[2017-04-04 21:54:18,852][5][INFO ][WR.WCF.Site.sysService:WR.Utils.LoggerEx.Info(C:\yang.luo\others\SMEE\WFRC_Src\WR.Utils\LogSevrice.cs:95)] - MethodName:Login stop at 21:54:18
[2017-04-04 21:54:20,465][10][INFO ][WR.WCF.Site.sysService:WR.Utils.LoggerEx.Info(C:\yang.luo\others\SMEE\WFRC_Src\WR.Utils\LogSevrice.cs:95)] - MethodName:Login start at 21:54:20
[2017-04-04 21:54:20,467][10][INFO ][WR.WCF.Site.sysService:WR.Utils.LoggerEx.Info(C:\yang.luo\others\SMEE\WFRC_Src\WR.Utils\LogSevrice.cs:95)] - MethodName:Login1 start at 21:54:20
[2017-04-04 21:54:20,482][10][INFO ][WR.WCF.Site.sysService:WR.Utils.LoggerEx.Info(C:\yang.luo\others\SMEE\WFRC_Src\WR.Utils\LogSevrice.cs:95)] - MethodName:Login stop at 21:54:20
[2017-04-04 21:54:20,498][5][INFO ][WR.WCF.Site.sysService:WR.Utils.LoggerEx.Info(C:\yang.luo\others\SMEE\WFRC_Src\WR.Utils\LogSevrice.cs:95)] - MethodName:GetCmn start at 21:54:20
[2017-04-04 21:54:20,504][5][INFO ][WR.WCF.Site.sysService:WR.Utils.LoggerEx.Info(C:\yang.luo\others\SMEE\WFRC_Src\WR.Utils\LogSevrice.cs:95)] - MethodName:GetCmn stop at 21:54:20
[2017-04-04 21:54:20,521][10][INFO ][WR.WCF.Site.sysService:WR.Utils.LoggerEx.Info(C:\yang.luo\others\SMEE\WFRC_Src\WR.Utils\LogSevrice.cs:95)] - MethodName:GetMenuByUserId start at 21:54:20
[2017-04-04 21:54:20,996][10][INFO ][WR.WCF.Site.sysService:WR.Utils.LoggerEx.Info(C:\yang.luo\others\SMEE\WFRC_Src\WR.Utils\LogSevrice.cs:95)] - MethodName:GetMenuByUserId stop at 21:54:20
[2017-04-04 21:54:21,071][5][INFO ][WR.WCF.Site.wrService:WR.Utils.LoggerEx.Info(C:\yang.luo\others\SMEE\WFRC_Src\WR.Utils\LogSevrice.cs:95)] - MethodName:GetIdentification start at 21:54:21
[2017-04-04 21:54:23,053][6][INFO ][WR.WCF.Site.wrService:WR.Utils.LoggerEx.Info(C:\yang.luo\others\SMEE\WFRC_Src\WR.Utils\LogSevrice.cs:95)] - MethodName:GetWaferResult start at 21:54:23
[2017-04-04 21:54:40,304][6][INFO ][WR.WCF.Site.sysService:WR.Utils.LoggerEx.Info(C:\yang.luo\others\SMEE\WFRC_Src\WR.Utils\LogSevrice.cs:95)] - MethodName:Login start at 21:54:40
[2017-04-04 21:54:40,305][6][INFO ][WR.WCF.Site.sysService:WR.Utils.LoggerEx.Info(C:\yang.luo\others\SMEE\WFRC_Src\WR.Utils\LogSevrice.cs:95)] - MethodName:Login1 start at 21:54:40
[2017-04-04 21:54:40,331][6][INFO ][WR.WCF.Site.sysService:WR.Utils.LoggerEx.Info(C:\yang.luo\others\SMEE\WFRC_Src\WR.Utils\LogSevrice.cs:95)] - MethodName:Login stop at 21:54:40
[2017-04-04 21:54:43,312][10][INFO ][WR.WCF.Site.sysService:WR.Utils.LoggerEx.Info(C:\yang.luo\others\SMEE\WFRC_Src\WR.Utils\LogSevrice.cs:95)] - MethodName:Login start at 21:54:43
[2017-04-04 21:54:43,313][10][INFO ][WR.WCF.Site.sysService:WR.Utils.LoggerEx.Info(C:\yang.luo\others\SMEE\WFRC_Src\WR.Utils\LogSevrice.cs:95)] - MethodName:Login1 start at 21:54:43
[2017-04-04 21:54:43,327][10][INFO ][WR.WCF.Site.sysService:WR.Utils.LoggerEx.Info(C:\yang.luo\others\SMEE\WFRC_Src\WR.Utils\LogSevrice.cs:95)] - MethodName:Login stop at 21:54:43
[2017-04-04 21:54:43,345][10][INFO ][WR.WCF.Site.sysService:WR.Utils.LoggerEx.Info(C:\yang.luo\others\SMEE\WFRC_Src\WR.Utils\LogSevrice.cs:95)] - MethodName:GetCmn start at 21:54:43
[2017-04-04 21:54:43,353][10][INFO ][WR.WCF.Site.sysService:WR.Utils.LoggerEx.Info(C:\yang.luo\others\SMEE\WFRC_Src\WR.Utils\LogSevrice.cs:95)] - MethodName:GetCmn stop at 21:54:43
[2017-04-04 21:54:43,368][5][INFO ][WR.WCF.Site.sysService:WR.Utils.LoggerEx.Info(C:\yang.luo\others\SMEE\WFRC_Src\WR.Utils\LogSevrice.cs:95)] - MethodName:GetMenuByUserId start at 21:54:43
[2017-04-04 21:54:44,156][5][INFO ][WR.WCF.Site.sysService:WR.Utils.LoggerEx.Info(C:\yang.luo\others\SMEE\WFRC_Src\WR.Utils\LogSevrice.cs:95)] - MethodName:GetMenuByUserId stop at 21:54:44
[2017-04-04 21:54:44,228][6][INFO ][WR.WCF.Site.wrService:WR.Utils.LoggerEx.Info(C:\yang.luo\others\SMEE\WFRC_Src\WR.Utils\LogSevrice.cs:95)] - MethodName:GetIdentification start at 21:54:44
[2017-04-04 21:54:45,752][5][INFO ][WR.WCF.Site.wrService:WR.Utils.LoggerEx.Info(C:\yang.luo\others\SMEE\WFRC_Src\WR.Utils\LogSevrice.cs:95)] - MethodName:GetWaferResult start at 21:54:45
[2017-04-04 21:54:57,843][6][INFO ][WR.WCF.Site.sysService:WR.Utils.LoggerEx.Info(C:\yang.luo\others\SMEE\WFRC_Src\WR.Utils\LogSevrice.cs:95)] - MethodName:Login start at 21:54:57
[2017-04-04 21:54:57,845][6][INFO ][WR.WCF.Site.sysService:WR.Utils.LoggerEx.Info(C:\yang.luo\others\SMEE\WFRC_Src\WR.Utils\LogSevrice.cs:95)] - MethodName:Login1 start at 21:54:57
[2017-04-04 21:54:57,848][6][INFO ][WR.WCF.Site.sysService:WR.Utils.LoggerEx.Info(C:\yang.luo\others\SMEE\WFRC_Src\WR.Utils\LogSevrice.cs:95)] - MethodName:Login stop at 21:54:57
[2017-04-04 21:55:00,137][5][INFO ][WR.WCF.Site.sysService:WR.Utils.LoggerEx.Info(C:\yang.luo\others\SMEE\WFRC_Src\WR.Utils\LogSevrice.cs:95)] - MethodName:Login start at 21:55:00
[2017-04-04 21:55:00,139][5][INFO ][WR.WCF.Site.sysService:WR.Utils.LoggerEx.Info(C:\yang.luo\others\SMEE\WFRC_Src\WR.Utils\LogSevrice.cs:95)] - MethodName:Login1 start at 21:55:00
[2017-04-04 21:55:00,147][5][INFO ][WR.WCF.Site.sysService:WR.Utils.LoggerEx.Info(C:\yang.luo\others\SMEE\WFRC_Src\WR.Utils\LogSevrice.cs:95)] - MethodName:Login stop at 21:55:00
[2017-04-04 21:55:00,154][10][INFO ][WR.WCF.Site.sysService:WR.Utils.LoggerEx.Info(C:\yang.luo\others\SMEE\WFRC_Src\WR.Utils\LogSevrice.cs:95)] - MethodName:GetCmn start at 21:55:00
[2017-04-04 21:55:00,157][10][INFO ][WR.WCF.Site.sysService:WR.Utils.LoggerEx.Info(C:\yang.luo\others\SMEE\WFRC_Src\WR.Utils\LogSevrice.cs:95)] - MethodName:GetCmn stop at 21:55:00
[2017-04-04 21:55:00,166][10][INFO ][WR.WCF.Site.sysService:WR.Utils.LoggerEx.Info(C:\yang.luo\others\SMEE\WFRC_Src\WR.Utils\LogSevrice.cs:95)] - MethodName:GetMenuByUserId start at 21:55:00
[2017-04-04 21:55:00,168][10][INFO ][WR.WCF.Site.sysService:WR.Utils.LoggerEx.Info(C:\yang.luo\others\SMEE\WFRC_Src\WR.Utils\LogSevrice.cs:95)] - MethodName:GetMenuByUserId stop at 21:55:00
[2017-04-04 21:55:00,218][10][INFO ][WR.WCF.Site.wrService:WR.Utils.LoggerEx.Info(C:\yang.luo\others\SMEE\WFRC_Src\WR.Utils\LogSevrice.cs:95)] - MethodName:GetIdentification start at 21:55:00
[2017-04-04 21:55:00,249][10][INFO ][WR.WCF.Site.wrService:WR.Utils.LoggerEx.Info(C:\yang.luo\others\SMEE\WFRC_Src\WR.Utils\LogSevrice.cs:95)] - MethodName:GetWaferResult start at 21:55:00
[2017-04-04 21:55:45,428][5][INFO ][WR.WCF.Site.sysService:WR.Utils.LoggerEx.Info(C:\yang.luo\others\SMEE\WFRC_Src\WR.Utils\LogSevrice.cs:95)] - MethodName:Login start at 21:55:45
[2017-04-04 21:55:48,048][5][INFO ][WR.WCF.Site.sysService:WR.Utils.LoggerEx.Info(C:\yang.luo\others\SMEE\WFRC_Src\WR.Utils\LogSevrice.cs:95)] - MethodName:Login1 start at 21:55:48
[2017-04-04 21:55:48,727][5][INFO ][WR.WCF.Site.sysService:WR.Utils.LoggerEx.Info(C:\yang.luo\others\SMEE\WFRC_Src\WR.Utils\LogSevrice.cs:95)] - MethodName:Login stop at 21:55:48
[2017-04-04 21:55:57,884][6][INFO ][WR.WCF.Site.sysService:WR.Utils.LoggerEx.Info(C:\yang.luo\others\SMEE\WFRC_Src\WR.Utils\LogSevrice.cs:95)] - MethodName:Login start at 21:55:57
[2017-04-04 21:55:57,885][6][INFO ][WR.WCF.Site.sysService:WR.Utils.LoggerEx.Info(C:\yang.luo\others\SMEE\WFRC_Src\WR.Utils\LogSevrice.cs:95)] - MethodName:Login1 start at 21:55:57
[2017-04-04 21:55:57,888][6][INFO ][WR.WCF.Site.sysService:WR.Utils.LoggerEx.Info(C:\yang.luo\others\SMEE\WFRC_Src\WR.Utils\LogSevrice.cs:95)] - MethodName:Login stop at 21:55:57
[2017-04-04 21:55:59,701][6][INFO ][WR.WCF.Site.sysService:WR.Utils.LoggerEx.Info(C:\yang.luo\others\SMEE\WFRC_Src\WR.Utils\LogSevrice.cs:95)] - MethodName:Login start at 21:55:59
[2017-04-04 21:55:59,703][6][INFO ][WR.WCF.Site.sysService:WR.Utils.LoggerEx.Info(C:\yang.luo\others\SMEE\WFRC_Src\WR.Utils\LogSevrice.cs:95)] - MethodName:Login1 start at 21:55:59
[2017-04-04 21:55:59,743][6][INFO ][WR.WCF.Site.sysService:WR.Utils.LoggerEx.Info(C:\yang.luo\others\SMEE\WFRC_Src\WR.Utils\LogSevrice.cs:95)] - MethodName:Login stop at 21:55:59
[2017-04-04 21:55:59,749][14][INFO ][WR.WCF.Site.sysService:WR.Utils.LoggerEx.Info(C:\yang.luo\others\SMEE\WFRC_Src\WR.Utils\LogSevrice.cs:95)] - MethodName:GetCmn start at 21:55:59
[2017-04-04 21:55:59,760][14][INFO ][WR.WCF.Site.sysService:WR.Utils.LoggerEx.Info(C:\yang.luo\others\SMEE\WFRC_Src\WR.Utils\LogSevrice.cs:95)] - MethodName:GetCmn stop at 21:55:59
[2017-04-04 21:55:59,775][5][INFO ][WR.WCF.Site.sysService:WR.Utils.LoggerEx.Info(C:\yang.luo\others\SMEE\WFRC_Src\WR.Utils\LogSevrice.cs:95)] - MethodName:GetMenuByUserId start at 21:55:59
[2017-04-04 21:55:59,794][5][INFO ][WR.WCF.Site.sysService:WR.Utils.LoggerEx.Info(C:\yang.luo\others\SMEE\WFRC_Src\WR.Utils\LogSevrice.cs:95)] - MethodName:GetMenuByUserId stop at 21:55:59
[2017-04-04 21:55:59,861][14][INFO ][WR.WCF.Site.wrService:WR.Utils.LoggerEx.Info(C:\yang.luo\others\SMEE\WFRC_Src\WR.Utils\LogSevrice.cs:95)] - MethodName:GetIdentification start at 21:55:59
[2017-04-04 21:55:59,883][6][INFO ][WR.WCF.Site.wrService:WR.Utils.LoggerEx.Info(C:\yang.luo\others\SMEE\WFRC_Src\WR.Utils\LogSevrice.cs:95)] - MethodName:GetWaferResult start at 21:55:59
[2017-04-04 21:56:07,326][14][INFO ][WR.WCF.Site.sysService:WR.Utils.LoggerEx.Info(C:\yang.luo\others\SMEE\WFRC_Src\WR.Utils\LogSevrice.cs:95)] - MethodName:Login start at 21:56:07
[2017-04-04 21:56:07,327][14][INFO ][WR.WCF.Site.sysService:WR.Utils.LoggerEx.Info(C:\yang.luo\others\SMEE\WFRC_Src\WR.Utils\LogSevrice.cs:95)] - MethodName:Login1 start at 21:56:07
[2017-04-04 21:56:07,329][14][INFO ][WR.WCF.Site.sysService:WR.Utils.LoggerEx.Info(C:\yang.luo\others\SMEE\WFRC_Src\WR.Utils\LogSevrice.cs:95)] - MethodName:Login stop at 21:56:07
[2017-04-04 21:56:08,651][5][INFO ][WR.WCF.Site.sysService:WR.Utils.LoggerEx.Info(C:\yang.luo\others\SMEE\WFRC_Src\WR.Utils\LogSevrice.cs:95)] - MethodName:Login start at 21:56:08
[2017-04-04 21:56:08,652][5][INFO ][WR.WCF.Site.sysService:WR.Utils.LoggerEx.Info(C:\yang.luo\others\SMEE\WFRC_Src\WR.Utils\LogSevrice.cs:95)] - MethodName:Login1 start at 21:56:08
[2017-04-04 21:56:08,660][5][INFO ][WR.WCF.Site.sysService:WR.Utils.LoggerEx.Info(C:\yang.luo\others\SMEE\WFRC_Src\WR.Utils\LogSevrice.cs:95)] - MethodName:Login stop at 21:56:08
[2017-04-04 21:56:08,672][6][INFO ][WR.WCF.Site.sysService:WR.Utils.LoggerEx.Info(C:\yang.luo\others\SMEE\WFRC_Src\WR.Utils\LogSevrice.cs:95)] - MethodName:GetCmn start at 21:56:08
[2017-04-04 21:56:08,676][6][INFO ][WR.WCF.Site.sysService:WR.Utils.LoggerEx.Info(C:\yang.luo\others\SMEE\WFRC_Src\WR.Utils\LogSevrice.cs:95)] - MethodName:GetCmn stop at 21:56:08
[2017-04-04 21:56:08,686][14][INFO ][WR.WCF.Site.sysService:WR.Utils.LoggerEx.Info(C:\yang.luo\others\SMEE\WFRC_Src\WR.Utils\LogSevrice.cs:95)] - MethodName:GetMenuByUserId start at 21:56:08
[2017-04-04 21:56:08,691][14][INFO ][WR.WCF.Site.sysService:WR.Utils.LoggerEx.Info(C:\yang.luo\others\SMEE\WFRC_Src\WR.Utils\LogSevrice.cs:95)] - MethodName:GetMenuByUserId stop at 21:56:08
[2017-04-04 21:56:08,738][6][INFO ][WR.WCF.Site.wrService:WR.Utils.LoggerEx.Info(C:\yang.luo\others\SMEE\WFRC_Src\WR.Utils\LogSevrice.cs:95)] - MethodName:GetIdentification start at 21:56:08
[2017-04-04 21:56:08,762][5][INFO ][WR.WCF.Site.wrService:WR.Utils.LoggerEx.Info(C:\yang.luo\others\SMEE\WFRC_Src\WR.Utils\LogSevrice.cs:95)] - MethodName:GetWaferResult start at 21:56:08
[2017-04-04 21:56:39,917][16][INFO ][WR.WCF.Site.sysService:WR.Utils.LoggerEx.Info(C:\yang.luo\others\SMEE\WFRC_Src\WR.Utils\LogSevrice.cs:95)] - MethodName:Login start at 21:56:39
[2017-04-04 21:56:39,918][16][INFO ][WR.WCF.Site.sysService:WR.Utils.LoggerEx.Info(C:\yang.luo\others\SMEE\WFRC_Src\WR.Utils\LogSevrice.cs:95)] - MethodName:Login1 start at 21:56:39
[2017-04-04 21:56:39,924][16][INFO ][WR.WCF.Site.sysService:WR.Utils.LoggerEx.Info(C:\yang.luo\others\SMEE\WFRC_Src\WR.Utils\LogSevrice.cs:95)] - MethodName:Login stop at 21:56:39
[2017-04-04 21:56:39,959][16][INFO ][WR.WCF.Site.sysService:WR.Utils.LoggerEx.Info(C:\yang.luo\others\SMEE\WFRC_Src\WR.Utils\LogSevrice.cs:95)] - MethodName:GetCmn start at 21:56:39
[2017-04-04 21:56:39,962][16][INFO ][WR.WCF.Site.sysService:WR.Utils.LoggerEx.Info(C:\yang.luo\others\SMEE\WFRC_Src\WR.Utils\LogSevrice.cs:95)] - MethodName:GetCmn stop at 21:56:39
[2017-04-04 21:56:39,969][16][INFO ][WR.WCF.Site.sysService:WR.Utils.LoggerEx.Info(C:\yang.luo\others\SMEE\WFRC_Src\WR.Utils\LogSevrice.cs:95)] - MethodName:GetMenuByUserId start at 21:56:39
[2017-04-04 21:56:39,971][16][INFO ][WR.WCF.Site.sysService:WR.Utils.LoggerEx.Info(C:\yang.luo\others\SMEE\WFRC_Src\WR.Utils\LogSevrice.cs:95)] - MethodName:GetMenuByUserId stop at 21:56:39
[2017-04-04 21:56:39,997][16][INFO ][WR.WCF.Site.wrService:WR.Utils.LoggerEx.Info(C:\yang.luo\others\SMEE\WFRC_Src\WR.Utils\LogSevrice.cs:95)] - MethodName:GetIdentification start at 21:56:39
[2017-04-04 21:56:40,013][16][INFO ][WR.WCF.Site.wrService:WR.Utils.LoggerEx.Info(C:\yang.luo\others\SMEE\WFRC_Src\WR.Utils\LogSevrice.cs:95)] - MethodName:GetWaferResult start at 21:56:40
[2017-04-04 21:56:48,330][6][INFO ][WR.WCF.Site.sysService:WR.Utils.LoggerEx.Info(C:\yang.luo\others\SMEE\WFRC_Src\WR.Utils\LogSevrice.cs:95)] - MethodName:Login start at 21:56:48
[2017-04-04 21:56:48,333][6][INFO ][WR.WCF.Site.sysService:WR.Utils.LoggerEx.Info(C:\yang.luo\others\SMEE\WFRC_Src\WR.Utils\LogSevrice.cs:95)] - MethodName:Login1 start at 21:56:48
[2017-04-04 21:56:48,339][6][INFO ][WR.WCF.Site.sysService:WR.Utils.LoggerEx.Info(C:\yang.luo\others\SMEE\WFRC_Src\WR.Utils\LogSevrice.cs:95)] - MethodName:Login stop at 21:56:48
[2017-04-04 21:56:48,371][6][INFO ][WR.WCF.Site.sysService:WR.Utils.LoggerEx.Info(C:\yang.luo\others\SMEE\WFRC_Src\WR.Utils\LogSevrice.cs:95)] - MethodName:GetCmn start at 21:56:48
[2017-04-04 21:56:48,375][6][INFO ][WR.WCF.Site.sysService:WR.Utils.LoggerEx.Info(C:\yang.luo\others\SMEE\WFRC_Src\WR.Utils\LogSevrice.cs:95)] - MethodName:GetCmn stop at 21:56:48
[2017-04-04 21:56:48,383][6][INFO ][WR.WCF.Site.sysService:WR.Utils.LoggerEx.Info(C:\yang.luo\others\SMEE\WFRC_Src\WR.Utils\LogSevrice.cs:95)] - MethodName:GetMenuByUserId start at 21:56:48
[2017-04-04 21:56:48,386][6][INFO ][WR.WCF.Site.sysService:WR.Utils.LoggerEx.Info(C:\yang.luo\others\SMEE\WFRC_Src\WR.Utils\LogSevrice.cs:95)] - MethodName:GetMenuByUserId stop at 21:56:48
[2017-04-04 21:56:48,414][16][INFO ][WR.WCF.Site.wrService:WR.Utils.LoggerEx.Info(C:\yang.luo\others\SMEE\WFRC_Src\WR.Utils\LogSevrice.cs:95)] - MethodName:GetIdentification start at 21:56:48
[2017-04-04 21:56:48,430][16][INFO ][WR.WCF.Site.wrService:WR.Utils.LoggerEx.Info(C:\yang.luo\others\SMEE\WFRC_Src\WR.Utils\LogSevrice.cs:95)] - MethodName:GetWaferResult start at 21:56:48
[2017-04-04 21:59:27,316][5][INFO ][WR.WCF.Site.sysService:WR.Utils.LoggerEx.Info(C:\yang.luo\others\SMEE\WFRC_Src\WR.Utils\LogSevrice.cs:95)] - MethodName:Login start at 21:59:27
[2017-04-04 21:59:32,459][5][INFO ][WR.WCF.Site.sysService:WR.Utils.LoggerEx.Info(C:\yang.luo\others\SMEE\WFRC_Src\WR.Utils\LogSevrice.cs:95)] - MethodName:Login1 start at 21:59:32
[2017-04-04 21:59:35,119][5][INFO ][WR.WCF.Site.sysService:WR.Utils.LoggerEx.Info(C:\yang.luo\others\SMEE\WFRC_Src\WR.Utils\LogSevrice.cs:95)] - MethodName:Login stop at 21:59:35
[2017-04-04 21:59:35,359][6][INFO ][WR.WCF.Site.sysService:WR.Utils.LoggerEx.Info(C:\yang.luo\others\SMEE\WFRC_Src\WR.Utils\LogSevrice.cs:95)] - MethodName:GetCmn start at 21:59:35
[2017-04-04 21:59:35,444][6][INFO ][WR.WCF.Site.sysService:WR.Utils.LoggerEx.Info(C:\yang.luo\others\SMEE\WFRC_Src\WR.Utils\LogSevrice.cs:95)] - MethodName:GetCmn stop at 21:59:35
[2017-04-04 21:59:35,477][14][INFO ][WR.WCF.Site.sysService:WR.Utils.LoggerEx.Info(C:\yang.luo\others\SMEE\WFRC_Src\WR.Utils\LogSevrice.cs:95)] - MethodName:GetMenuByUserId start at 21:59:35
[2017-04-04 21:59:36,056][14][INFO ][WR.WCF.Site.sysService:WR.Utils.LoggerEx.Info(C:\yang.luo\others\SMEE\WFRC_Src\WR.Utils\LogSevrice.cs:95)] - MethodName:GetMenuByUserId stop at 21:59:36
[2017-04-04 21:59:36,196][5][INFO ][WR.WCF.Site.wrService:WR.Utils.LoggerEx.Info(C:\yang.luo\others\SMEE\WFRC_Src\WR.Utils\LogSevrice.cs:95)] - MethodName:GetIdentification start at 21:59:36
[2017-04-04 21:59:38,274][5][INFO ][WR.WCF.Site.wrService:WR.Utils.LoggerEx.Info(C:\yang.luo\others\SMEE\WFRC_Src\WR.Utils\LogSevrice.cs:95)] - MethodName:GetWaferResult start at 21:59:38
